Mplus VERSION 8.3
MUTHEN & MUTHEN
10/19/2025   5:12 PM

INPUT INSTRUCTIONS

  TITLE: Baseline Latent Growth Curve Model of Self-Control

  DATA:
    FILE = recoded_only_sc_pa_cov.dat;

  VARIABLE:
    NAMES = weight1 sc3thac sc3tcom sc3obey sc3dist sc3temp sc3rest sc3fidg sc5thac
       sc5tcom sc5obey sc5dist sc5temp sc5rest sc5fidg sc5lyin sc7thac sc7tcom
       sc7obey sc7dist sc7temp sc7rest sc7fidg sc7lyin sc11thac sc11tcom
       sc11obey sc11dist sc11temp sc11rest sc11fidg sc11lyin sc14thac sc14tcom
       sc14obey sc14dist sc14temp sc14rest sc14fidg sc14lyin sc17thac sc17tcom
       sc17obey sc17dist sc17temp sc17rest sc17fidg sc17lyin ignore5 smack5
       shout5 bedroom5 treats5 telloff5 bribe5 reason5 rindoor5 dinner5 close5
       read5 story5 music5 paint5 active5 games5 park5 ignore7 smack7 shout7
       bedroom7 treats7 telloff7 bribe7 reason7 rindoor7 dinner7 close7 read7
       story7 music7 paint7 active7 games7 park7 tvrules7 bedroom11 treats11
       reason11 close11 active11 games11 pwhere14 pwho14 pwhat14 cmwhere14
       cmwho14 cmwhat14 cmwhere17 cmtback17 pwhere17 ptback17 livewp17 pedu
       bpedu sex race brace bmarried incomec incomel incomef lbw namhapna0
       namunfaa0 nambrusa0 namfeeda0 naminjua0 nambatha0 namwarya0 nambshya0
       namfreta0 namsleea0 nammilka0 namsltia0 namnapsa0 namsofoa0 inftempr
       inftemp dfpw dupd dupw hfae coga scoga age3 age5 age7 age11 age14
       age17 mcsid;

    USEVARIABLES =
      sc5tcom sc5dist sc5fidg sc5thac sc5temp sc5obey sc5lyin
      sc7tcom sc7dist sc7fidg sc7thac sc7temp sc7obey sc7lyin
      sc11tcom sc11dist sc11fidg sc11thac sc11temp sc11obey sc11lyin
      sc14tcom sc14dist sc14fidg sc14thac sc14temp sc14obey sc14lyin
      sc17tcom sc17dist sc17fidg sc17thac sc17temp sc17obey sc17lyin
      age5 age7 age11 age14 age17;

    CATEGORICAL =
      sc5tcom sc5dist sc5fidg sc5thac sc5temp sc5obey sc5lyin
      sc7tcom sc7dist sc7fidg sc7thac sc7temp sc7obey sc7lyin
      sc11tcom sc11dist sc11fidg sc11thac sc11temp sc11obey sc11lyin
      sc14tcom sc14dist sc14fidg sc14thac sc14temp sc14obey sc14lyin
      sc17tcom sc17dist sc17fidg sc17thac sc17temp sc17obey sc17lyin;

    MISSING ARE ALL (-9999);

    ! Individually varying time scores: use raw ages directly (no centering)
    TSCORES ARE age5 age7 age11 age14 age17;

  ANALYSIS:
    TYPE        = RANDOM;          ! required for TSCORES
    ESTIMATOR   = MLR;             ! WLSMV not allowed with TYPE=RANDOM
    LINK        = PROBIT;          ! keeps the probit metric for ordinal items
    ALGORITHM   = INTEGRATION;
    INTEGRATION = MONTECARLO (200);      ! increase draws if needed (e.g., 5000)
    PROCESSORS  = 11;               ! optional parallelization


  MODEL:
    SC_t5 BY sc5tcom@1
  sc5dist (l_dist)
  sc5fidg (l_fidg)
  sc5thac (l_thac)
  sc5temp (l_temp)
  sc5obey (l_obey)
  sc5lyin (l_lyin);
    SC_t7 BY
  sc7tcom@1
  sc7dist (l_dist)
  sc7fidg (l_fidg)
  sc7thac (l_thac)
  sc7temp (l_temp)
  sc7obey (l_obey)
  sc7lyin (l_lyin);
    SC_t11 BY sc11tcom@1
  sc11dist (l_dist)
  sc11fidg (l_fidg)
  sc11thac (l_thac)
  sc11temp (l_temp)
  sc11obey (l_obey)
  sc11lyin (l_lyin);
    SC_t14 BY
  sc14tcom@1
  sc14dist (l_dist)
  sc14fidg (l_fidg)
  sc14thac (l_thac)
  sc14temp (l_temp)
  sc14obey (l_obey)
  sc14lyin (l_lyin);
    SC_t17 BY
  sc17tcom@1
  sc17dist (l_dist)
  sc17fidg (l_fidg)
  sc17thac (l_thac)
  sc17temp (l_temp)
  sc17obey (l_obey)
  sc17lyin (l_lyin);

  ! Equal thresholds across time (two per item)

  ! TCOM: equal across 5,7,11,14; free at 17
    [sc5tcom$1] (t_tcom1);
  [sc7tcom$1] (t_tcom1);
  [sc11tcom$1] (t_tcom1);
  [sc14tcom$1] (t_tcom1);
  [sc17tcom$1];
    [sc5tcom$2] (t_tcom2);
  [sc7tcom$2] (t_tcom2);
  [sc11tcom$2] (t_tcom2);
  [sc14tcom$2] (t_tcom2);
  [sc17tcom$2];

  ! DIST: equal across 5,11,14; free at 7 and 17
    [sc5dist$1] (t_dist1);
  [sc7dist$1];
  [sc11dist$1] (t_dist1);
  [sc14dist$1] (t_dist1);
  [sc17dist$1];
    [sc5dist$2] (t_dist2);
  [sc7dist$2];
  [sc11dist$2] (t_dist2);
  [sc14dist$2] (t_dist2);
  [sc17dist$2];

  ! FIDG: free at all waves (clear non-invariance)
    [sc5fidg$1];
  [sc7fidg$1];
  [sc11fidg$1];
  [sc14fidg$1];
  [sc17fidg$1];
    [sc5fidg$2];
  [sc7fidg$2];
  [sc11fidg$2];
  [sc14fidg$2];
  [sc17fidg$2];

  ! THAC: equal across 7,11,14; free at 5 and 17
    [sc5thac$1];
  [sc7thac$1] (t_thac1);
  [sc11thac$1] (t_thac1);
  [sc14thac$1] (t_thac1);
  [sc17thac$1];
    [sc5thac$2];
  [sc7thac$2] (t_thac2);
  [sc11thac$2] (t_thac2);
  [sc14thac$2] (t_thac2);
  [sc17thac$2];

  ! TEMP: equal across 7,11,14; free at 5 and 17
    [sc5temp$1];
  [sc7temp$1] (t_temp1);
  [sc11temp$1] (t_temp1);
  [sc14temp$1] (t_temp1);
  [sc17temp$1];
    [sc5temp$2];
  [sc7temp$2] (t_temp2);
  [sc11temp$2] (t_temp2);
  [sc14temp$2] (t_temp2);
  [sc17temp$2];

  ! OBEY: equal across 7,11,17; free at 5 and 14 (big MIs at 5 & 14; 17 was small)
    [sc5obey$1];
  [sc7obey$1] (t_obey1);
  [sc11obey$1] (t_obey1);
  [sc14obey$1];
  [sc17obey$1] (t_obey1);
    [sc5obey$2];
  [sc7obey$2] (t_obey2);
  [sc11obey$2] (t_obey2);
  [sc14obey$2];
  [sc17obey$2] (t_obey2);

  ! LYIN: equal across 11,14; free at 5,7,17
    [sc5lyin$1];
  [sc7lyin$1];
  [sc11lyin$1] (t_lyin1);
  [sc14lyin$1] (t_lyin1);
  [sc17lyin$1];
    [sc5lyin$2];
  [sc7lyin$2];
  [sc11lyin$2] (t_lyin2);
  [sc14lyin$2] (t_lyin2);
  [sc17lyin$2];


  ! Anchor the first-order latent factors’ intercepts at zero
  [SC_t5@0 SC_t7@0 SC_t11@0 SC_t14@0 SC_t17@0];

  ! Intercept i defined at age = 0 (because time scores are raw ages)
  ! Slope s = change per 1 year of age
  i s | SC_t5 SC_t7 SC_t11 SC_t14 SC_t17 AT age5 age7 age11 age14 age17;

  [i@0 s];
  i WITH s;

  ! (Optional) Homoscedastic latent residuals across waves
  ! SC_t5-SC_t17 (res);   ! uncomment to constrain equal residual variances


  OUTPUT:
  TECH1;







*** WARNING
  Data set contains cases with missing on all variables.
  These cases were not included in the analysis.
  Number of cases with missing on all variables:  3045
   1 WARNING(S) FOUND IN THE INPUT INSTRUCTIONS



Baseline Latent Growth Curve Model of Self-Control

SUMMARY OF ANALYSIS

Number of groups                                                 1
Number of observations                                       16198

Number of dependent variables                                   35
Number of independent variables                                  0
Number of continuous latent variables                            7

Observed dependent variables

  Binary and ordered categorical (ordinal)
   SC5TCOM     SC5DIST     SC5FIDG     SC5THAC     SC5TEMP     SC5OBEY
   SC5LYIN     SC7TCOM     SC7DIST     SC7FIDG     SC7THAC     SC7TEMP
   SC7OBEY     SC7LYIN     SC11TCOM    SC11DIST    SC11FIDG    SC11THAC
   SC11TEMP    SC11OBEY    SC11LYIN    SC14TCOM    SC14DIST    SC14FIDG
   SC14THAC    SC14TEMP    SC14OBEY    SC14LYIN    SC17TCOM    SC17DIST
   SC17FIDG    SC17THAC    SC17TEMP    SC17OBEY    SC17LYIN

Continuous latent variables
   SC_T5       SC_T7       SC_T11      SC_T14      SC_T17      I
   S

Variables with special functions

  Time scores
   AGE5        AGE7        AGE11       AGE14       AGE17


Estimator                                                      MLR
Information matrix                                        OBSERVED
Optimization Specifications for the Quasi-Newton Algorithm for
Continuous Outcomes
  Maximum number of iterations                                 100
  Convergence criterion                                  0.100D-05
Optimization Specifications for the EM Algorithm
  Maximum number of iterations                                 500
  Convergence criteria
    Loglikelihood change                                 0.100D-02
    Relative loglikelihood change                        0.100D-05
    Derivative                                           0.100D-02
Optimization Specifications for the M step of the EM Algorithm for
Categorical Latent variables
  Number of M step iterations                                    1
  M step convergence criterion                           0.100D-02
  Basis for M step termination                           ITERATION
Optimization Specifications for the M step of the EM Algorithm for
Censored, Binary or Ordered Categorical (Ordinal), Unordered
Categorical (Nominal) and Count Outcomes
  Number of M step iterations                                    1
  M step convergence criterion                           0.100D-02
  Basis for M step termination                           ITERATION
  Maximum value for logit thresholds                            10
  Minimum value for logit thresholds                           -10
  Minimum expected cell size for chi-square              0.100D-01
Maximum number of iterations for H1                           2000
Convergence criterion for H1                             0.100D-03
Optimization algorithm                                         EMA
Integration Specifications
  Type                                                  MONTECARLO
  Number of integration points                                 200
  Dimensions of numerical integration                            6
  Adaptive quadrature                                           ON
  Monte Carlo integration seed                                   0
Link                                                        PROBIT
Cholesky                                                        ON

Input data file(s)
  recoded_only_sc_pa_cov.dat
Input data format  FREE


SUMMARY OF DATA

     Number of missing data patterns          1248
     Number of y missing data patterns           0
     Number of u missing data patterns        1248


COVARIANCE COVERAGE OF DATA

Minimum covariance coverage value   0.100


     PROPORTION OF DATA PRESENT FOR U


           Covariance Coverage
              SC5TCOM       SC5DIST       SC5FIDG       SC5THAC       SC5TEMP
              ________      ________      ________      ________      ________
 SC5TCOM        0.892
 SC5DIST        0.880         0.894
 SC5FIDG        0.880         0.882         0.895
 SC5THAC        0.865         0.865         0.866         0.878
 SC5TEMP        0.885         0.887         0.888         0.871         0.903
 SC5OBEY        0.888         0.890         0.891         0.874         0.897
 SC5LYIN        0.878         0.880         0.880         0.865         0.887
 SC7TCOM        0.756         0.756         0.757         0.742         0.762
 SC7DIST        0.758         0.759         0.759         0.745         0.765
 SC7FIDG        0.758         0.758         0.759         0.744         0.765
 SC7THAC        0.752         0.752         0.753         0.741         0.758
 SC7TEMP        0.760         0.762         0.762         0.748         0.768
 SC7OBEY        0.763         0.764         0.764         0.750         0.770
 SC7LYIN        0.755         0.756         0.756         0.743         0.763
 SC11TCOM       0.658         0.658         0.659         0.647         0.664
 SC11DIST       0.659         0.660         0.661         0.649         0.666
 SC11FIDG       0.657         0.658         0.659         0.647         0.663
 SC11THAC       0.656         0.657         0.657         0.646         0.662
 SC11TEMP       0.660         0.661         0.661         0.650         0.667
 SC11OBEY       0.661         0.662         0.662         0.651         0.667
 SC11LYIN       0.657         0.658         0.658         0.647         0.663
 SC14TCOM       0.567         0.568         0.569         0.559         0.573
 SC14DIST       0.566         0.566         0.567         0.557         0.571
 SC14FIDG       0.564         0.565         0.566         0.556         0.570
 SC14THAC       0.565         0.566         0.567         0.557         0.571
 SC14TEMP       0.566         0.567         0.567         0.558         0.572
 SC14OBEY       0.566         0.567         0.567         0.558         0.572
 SC14LYIN       0.566         0.567         0.568         0.558         0.572
 SC17TCOM       0.436         0.437         0.437         0.430         0.440
 SC17DIST       0.435         0.435         0.435         0.429         0.439
 SC17FIDG       0.434         0.434         0.434         0.428         0.438
 SC17THAC       0.435         0.436         0.436         0.429         0.440
 SC17TEMP       0.434         0.435         0.435         0.428         0.439
 SC17OBEY       0.435         0.436         0.436         0.429         0.440
 SC17LYIN       0.436         0.437         0.437         0.430         0.441


           Covariance Coverage
              SC5OBEY       SC5LYIN       SC7TCOM       SC7DIST       SC7FIDG
              ________      ________      ________      ________      ________
 SC5OBEY        0.906
 SC5LYIN        0.890         0.895
 SC7TCOM        0.764         0.756         0.818
 SC7DIST        0.767         0.758         0.810         0.821
 SC7FIDG        0.767         0.758         0.809         0.812         0.821
 SC7THAC        0.761         0.753         0.804         0.806         0.805
 SC7TEMP        0.770         0.762         0.813         0.815         0.815
 SC7OBEY        0.773         0.764         0.815         0.819         0.818
 SC7LYIN        0.765         0.757         0.807         0.810         0.809
 SC11TCOM       0.666         0.658         0.643         0.645         0.644
 SC11DIST       0.668         0.660         0.644         0.647         0.646
 SC11FIDG       0.665         0.658         0.641         0.644         0.644
 SC11THAC       0.664         0.657         0.641         0.644         0.643
 SC11TEMP       0.668         0.661         0.645         0.647         0.646
 SC11OBEY       0.669         0.662         0.645         0.648         0.647
 SC11LYIN       0.665         0.658         0.642         0.645         0.643
 SC14TCOM       0.575         0.568         0.557         0.559         0.558
 SC14DIST       0.573         0.567         0.555         0.558         0.557
 SC14FIDG       0.571         0.565         0.554         0.556         0.555
 SC14THAC       0.573         0.566         0.555         0.557         0.556
 SC14TEMP       0.573         0.567         0.555         0.558         0.557
 SC14OBEY       0.574         0.567         0.556         0.558         0.557
 SC14LYIN       0.574         0.568         0.556         0.558         0.557
 SC17TCOM       0.442         0.438         0.428         0.430         0.430
 SC17DIST       0.440         0.436         0.427         0.429         0.429
 SC17FIDG       0.439         0.435         0.426         0.428         0.428
 SC17THAC       0.441         0.437         0.428         0.430         0.430
 SC17TEMP       0.440         0.436         0.427         0.428         0.429
 SC17OBEY       0.441         0.437         0.428         0.430         0.430
 SC17LYIN       0.442         0.438         0.429         0.430         0.430


           Covariance Coverage
              SC7THAC       SC7TEMP       SC7OBEY       SC7LYIN       SC11TCOM
              ________      ________      ________      ________      ________
 SC7THAC        0.815
 SC7TEMP        0.809         0.826
 SC7OBEY        0.812         0.822         0.828
 SC7LYIN        0.804         0.813         0.816         0.820
 SC11TCOM       0.640         0.646         0.649         0.642         0.725
 SC11DIST       0.642         0.649         0.651         0.644         0.722
 SC11FIDG       0.639         0.646         0.649         0.641         0.720
 SC11THAC       0.640         0.645         0.648         0.641         0.719
 SC11TEMP       0.643         0.650         0.652         0.645         0.722
 SC11OBEY       0.643         0.650         0.653         0.645         0.723
 SC11LYIN       0.640         0.646         0.649         0.642         0.719
 SC14TCOM       0.555         0.561         0.563         0.557         0.564
 SC14DIST       0.553         0.559         0.561         0.556         0.563
 SC14FIDG       0.552         0.558         0.560         0.554         0.561
 SC14THAC       0.553         0.559         0.561         0.555         0.562
 SC14TEMP       0.553         0.560         0.561         0.556         0.563
 SC14OBEY       0.554         0.560         0.562         0.556         0.563
 SC14LYIN       0.554         0.560         0.562         0.556         0.563
 SC17TCOM       0.427         0.432         0.433         0.429         0.430
 SC17DIST       0.426         0.431         0.432         0.428         0.429
 SC17FIDG       0.425         0.429         0.431         0.427         0.428
 SC17THAC       0.427         0.431         0.433         0.429         0.430
 SC17TEMP       0.426         0.430         0.432         0.428         0.428
 SC17OBEY       0.427         0.431         0.433         0.429         0.430
 SC17LYIN       0.427         0.432         0.434         0.429         0.431


           Covariance Coverage
              SC11DIST      SC11FIDG      SC11THAC      SC11TEMP      SC11OBEY
              ________      ________      ________      ________      ________
 SC11DIST       0.727
 SC11FIDG       0.722         0.725
 SC11THAC       0.720         0.718         0.724
 SC11TEMP       0.725         0.722         0.721         0.729
 SC11OBEY       0.726         0.723         0.722         0.727         0.730
 SC11LYIN       0.721         0.719         0.718         0.722         0.723
 SC14TCOM       0.566         0.564         0.563         0.567         0.568
 SC14DIST       0.565         0.563         0.561         0.566         0.566
 SC14FIDG       0.563         0.561         0.559         0.564         0.564
 SC14THAC       0.564         0.562         0.561         0.565         0.566
 SC14TEMP       0.565         0.563         0.562         0.566         0.567
 SC14OBEY       0.565         0.563         0.562         0.566         0.567
 SC14LYIN       0.565         0.563         0.562         0.566         0.567
 SC17TCOM       0.432         0.430         0.429         0.432         0.433
 SC17DIST       0.431         0.429         0.429         0.431         0.432
 SC17FIDG       0.430         0.428         0.427         0.430         0.430
 SC17THAC       0.431         0.430         0.429         0.432         0.432
 SC17TEMP       0.430         0.428         0.428         0.431         0.431
 SC17OBEY       0.431         0.429         0.429         0.432         0.432
 SC17LYIN       0.432         0.430         0.430         0.433         0.433


           Covariance Coverage
              SC11LYIN      SC14TCOM      SC14DIST      SC14FIDG      SC14THAC
              ________      ________      ________      ________      ________
 SC11LYIN       0.725
 SC14TCOM       0.565         0.626
 SC14DIST       0.563         0.622         0.623
 SC14FIDG       0.561         0.620         0.618         0.621
 SC14THAC       0.563         0.621         0.619         0.617         0.623
 SC14TEMP       0.564         0.622         0.620         0.618         0.619
 SC14OBEY       0.564         0.622         0.620         0.618         0.620
 SC14LYIN       0.564         0.622         0.620         0.618         0.619
 SC17TCOM       0.430         0.418         0.416         0.415         0.416
 SC17DIST       0.430         0.416         0.415         0.414         0.415
 SC17FIDG       0.428         0.415         0.414         0.413         0.414
 SC17THAC       0.430         0.417         0.416         0.415         0.416
 SC17TEMP       0.429         0.416         0.415         0.414         0.415
 SC17OBEY       0.430         0.417         0.416         0.415         0.416
 SC17LYIN       0.431         0.418         0.416         0.416         0.417


           Covariance Coverage
              SC14TEMP      SC14OBEY      SC14LYIN      SC17TCOM      SC17DIST
              ________      ________      ________      ________      ________
 SC14TEMP       0.624
 SC14OBEY       0.621         0.624
 SC14LYIN       0.621         0.621         0.624
 SC17TCOM       0.417         0.416         0.417         0.477
 SC17DIST       0.416         0.415         0.416         0.473         0.475
 SC17FIDG       0.414         0.414         0.414         0.472         0.470
 SC17THAC       0.416         0.416         0.416         0.474         0.472
 SC17TEMP       0.416         0.415         0.415         0.472         0.471
 SC17OBEY       0.416         0.416         0.416         0.473         0.472
 SC17LYIN       0.417         0.417         0.417         0.474         0.473


           Covariance Coverage
              SC17FIDG      SC17THAC      SC17TEMP      SC17OBEY      SC17LYIN
              ________      ________      ________      ________      ________
 SC17FIDG       0.474
 SC17THAC       0.471         0.476
 SC17TEMP       0.470         0.472         0.475
 SC17OBEY       0.471         0.472         0.472         0.476
 SC17LYIN       0.471         0.474         0.472         0.473         0.477


UNIVARIATE PROPORTIONS AND COUNTS FOR CATEGORICAL VARIABLES

    SC5TCOM
      Category 1    0.093         1338.000
      Category 2    0.519         7502.000
      Category 3    0.388         5615.000
    SC5DIST
      Category 1    0.128         1860.000
      Category 2    0.417         6040.000
      Category 3    0.454         6576.000
    SC5FIDG
      Category 1    0.098         1416.000
      Category 2    0.270         3907.000
      Category 3    0.633         9173.000
    SC5THAC
      Category 1    0.117         1665.000
      Category 2    0.657         9352.000
      Category 3    0.226         3209.000
    SC5TEMP
      Category 1    0.138         2016.000
      Category 2    0.360         5263.000
      Category 3    0.502         7344.000
    SC5OBEY
      Category 1    0.039          574.000
      Category 2    0.415         6082.000
      Category 3    0.546         8012.000
    SC5LYIN
      Category 1    0.023          332.000
      Category 2    0.198         2873.000
      Category 3    0.779        11289.000
    SC7TCOM
      Category 1    0.111         1472.000
      Category 2    0.485         6420.000
      Category 3    0.404         5358.000
    SC7DIST
      Category 1    0.163         2167.000
      Category 2    0.406         5404.000
      Category 3    0.431         5734.000
    SC7FIDG
      Category 1    0.113         1496.000
      Category 2    0.271         3600.000
      Category 3    0.617         8195.000
    SC7THAC
      Category 1    0.113         1496.000
      Category 2    0.623         8218.000
      Category 3    0.264         3486.000
    SC7TEMP
      Category 1    0.127         1693.000
      Category 2    0.323         4322.000
      Category 3    0.550         7357.000
    SC7OBEY
      Category 1    0.035          467.000
      Category 2    0.368         4934.000
      Category 3    0.597         8016.000
    SC7LYIN
      Category 1    0.026          340.000
      Category 2    0.197         2613.000
      Category 3    0.778        10324.000
    SC11TCOM
      Category 1    0.121         1424.000
      Category 2    0.469         5501.000
      Category 3    0.410         4814.000
    SC11DIST
      Category 1    0.149         1754.000
      Category 2    0.398         4688.000
      Category 3    0.453         5341.000
    SC11FIDG
      Category 1    0.081          950.000
      Category 2    0.217         2545.000
      Category 3    0.702         8244.000
    SC11THAC
      Category 1    0.116         1357.000
      Category 2    0.572         6703.000
      Category 3    0.312         3662.000
    SC11TEMP
      Category 1    0.142         1679.000
      Category 2    0.341         4020.000
      Category 3    0.517         6107.000
    SC11OBEY
      Category 1    0.042          497.000
      Category 2    0.346         4089.000
      Category 3    0.612         7236.000
    SC11LYIN
      Category 1    0.021          245.000
      Category 2    0.161         1889.000
      Category 3    0.818         9614.000
    SC14TCOM
      Category 1    0.110         1116.000
      Category 2    0.458         4640.000
      Category 3    0.432         4377.000
    SC14DIST
      Category 1    0.153         1540.000
      Category 2    0.378         3814.000
      Category 3    0.470         4744.000
    SC14FIDG
      Category 1    0.070          702.000
      Category 2    0.186         1876.000
      Category 3    0.744         7489.000
    SC14THAC
      Category 1    0.124         1253.000
      Category 2    0.555         5600.000
      Category 3    0.321         3239.000
    SC14TEMP
      Category 1    0.130         1310.000
      Category 2    0.322         3253.000
      Category 3    0.549         5548.000
    SC14OBEY
      Category 1    0.049          491.000
      Category 2    0.379         3831.000
      Category 3    0.573         5791.000
    SC14LYIN
      Category 1    0.027          271.000
      Category 2    0.145         1470.000
      Category 3    0.828         8368.000
    SC17TCOM
      Category 1    0.099          767.000
      Category 2    0.406         3133.000
      Category 3    0.495         3824.000
    SC17DIST
      Category 1    0.114          881.000
      Category 2    0.331         2550.000
      Category 3    0.554         4269.000
    SC17FIDG
      Category 1    0.055          419.000
      Category 2    0.147         1127.000
      Category 3    0.799         6131.000
    SC17THAC
      Category 1    0.094          723.000
      Category 2    0.498         3842.000
      Category 3    0.408         3147.000
    SC17TEMP
      Category 1    0.092          707.000
      Category 2    0.265         2039.000
      Category 3    0.643         4948.000
    SC17OBEY
      Category 1    0.049          378.000
      Category 2    0.349         2692.000
      Category 3    0.602         4640.000
    SC17LYIN
      Category 1    0.024          182.000
      Category 2    0.103          798.000
      Category 3    0.873         6748.000



THE MODEL ESTIMATION TERMINATED NORMALLY



MODEL FIT INFORMATION

Number of Free Parameters                       61

Loglikelihood

          H0 Value                     -294574.958
          H0 Scaling Correction Factor      1.1558
            for MLR

Information Criteria

          Akaike (AIC)                  589271.916
          Bayesian (BIC)                589741.167
          Sample-Size Adjusted BIC      589547.314
            (n* = (n + 2) / 24)



MODEL RESULTS

                                                    Two-Tailed
                    Estimate       S.E.  Est./S.E.    P-Value

 SC_T5    BY
    SC5TCOM            1.000      0.000    999.000    999.000
    SC5DIST            1.276      0.017     74.596      0.000
    SC5FIDG            0.899      0.016     55.252      0.000
    SC5THAC            0.831      0.012     69.162      0.000
    SC5TEMP            0.764      0.015     50.556      0.000
    SC5OBEY            0.737      0.013     55.438      0.000
    SC5LYIN            0.710      0.015     46.558      0.000

 SC_T7    BY
    SC7TCOM            1.000      0.000    999.000    999.000
    SC7DIST            1.276      0.017     74.596      0.000
    SC7FIDG            0.899      0.016     55.252      0.000
    SC7THAC            0.831      0.012     69.162      0.000
    SC7TEMP            0.764      0.015     50.556      0.000
    SC7OBEY            0.737      0.013     55.438      0.000
    SC7LYIN            0.710      0.015     46.558      0.000

 SC_T11   BY
    SC11TCOM           1.000      0.000    999.000    999.000
    SC11DIST           1.276      0.017     74.596      0.000
    SC11FIDG           0.899      0.016     55.252      0.000
    SC11THAC           0.831      0.012     69.162      0.000
    SC11TEMP           0.764      0.015     50.556      0.000
    SC11OBEY           0.737      0.013     55.438      0.000
    SC11LYIN           0.710      0.015     46.558      0.000

 SC_T14   BY
    SC14TCOM           1.000      0.000    999.000    999.000
    SC14DIST           1.276      0.017     74.596      0.000
    SC14FIDG           0.899      0.016     55.252      0.000
    SC14THAC           0.831      0.012     69.162      0.000
    SC14TEMP           0.764      0.015     50.556      0.000
    SC14OBEY           0.737      0.013     55.438      0.000
    SC14LYIN           0.710      0.015     46.558      0.000

 SC_T17   BY
    SC17TCOM           1.000      0.000    999.000    999.000
    SC17DIST           1.276      0.017     74.596      0.000
    SC17FIDG           0.899      0.016     55.252      0.000
    SC17THAC           0.831      0.012     69.162      0.000
    SC17TEMP           0.764      0.015     50.556      0.000
    SC17OBEY           0.737      0.013     55.438      0.000
    SC17LYIN           0.710      0.015     46.558      0.000

 I        WITH
    S                 -0.036      0.001    -29.424      0.000

 Means
    I                  0.000      0.000    999.000    999.000
    S                  0.008      0.001      6.067      0.000

 Intercepts
    SC_T5              0.000      0.000    999.000    999.000
    SC_T7              0.000      0.000    999.000    999.000
    SC_T11             0.000      0.000    999.000    999.000
    SC_T14             0.000      0.000    999.000    999.000
    SC_T17             0.000      0.000    999.000    999.000

 Thresholds
    SC5TCOM$1         -1.609      0.019    -83.019      0.000
    SC5TCOM$2          0.438      0.017     26.042      0.000
    SC5DIST$1         -1.547      0.024    -65.017      0.000
    SC5DIST$2          0.306      0.021     14.363      0.000
    SC5FIDG$1         -1.605      0.021    -75.465      0.000
    SC5FIDG$2         -0.369      0.016    -22.394      0.000
    SC5THAC$1         -1.414      0.019    -73.600      0.000
    SC5THAC$2          1.002      0.017     57.579      0.000
    SC5TEMP$1         -1.272      0.018    -71.878      0.000
    SC5TEMP$2          0.052      0.015      3.497      0.000
    SC5OBEY$1         -2.069      0.025    -83.823      0.000
    SC5OBEY$2         -0.087      0.015     -5.964      0.000
    SC5LYIN$1         -2.290      0.028    -80.375      0.000
    SC5LYIN$2         -0.856      0.016    -54.927      0.000
    SC7TCOM$1         -1.609      0.019    -83.019      0.000
    SC7TCOM$2          0.438      0.017     26.042      0.000
    SC7DIST$1         -1.407      0.026    -54.691      0.000
    SC7DIST$2          0.390      0.023     17.310      0.000
    SC7FIDG$1         -1.503      0.022    -68.849      0.000
    SC7FIDG$2         -0.298      0.018    -16.685      0.000
    SC7THAC$1         -1.426      0.018    -80.474      0.000
    SC7THAC$2          0.787      0.017     46.895      0.000
    SC7TEMP$1         -1.298      0.017    -77.712      0.000
    SC7TEMP$2         -0.025      0.015     -1.599      0.110
    SC7OBEY$1         -2.047      0.021    -97.010      0.000
    SC7OBEY$2         -0.237      0.015    -15.705      0.000
    SC7LYIN$1         -2.260      0.029    -77.283      0.000
    SC7LYIN$2         -0.847      0.017    -50.887      0.000
    SC11TCOM$1        -1.609      0.019    -83.019      0.000
    SC11TCOM$2         0.438      0.017     26.042      0.000
    SC11DIST$1        -1.547      0.024    -65.017      0.000
    SC11DIST$2         0.306      0.021     14.363      0.000
    SC11FIDG$1        -1.758      0.026    -67.575      0.000
    SC11FIDG$2        -0.591      0.020    -28.911      0.000
    SC11THAC$1        -1.426      0.018    -80.474      0.000
    SC11THAC$2         0.787      0.017     46.895      0.000
    SC11TEMP$1        -1.298      0.017    -77.712      0.000
    SC11TEMP$2        -0.025      0.015     -1.599      0.110
    SC11OBEY$1        -2.047      0.021    -97.010      0.000
    SC11OBEY$2        -0.237      0.015    -15.705      0.000
    SC11LYIN$1        -2.354      0.027    -86.905      0.000
    SC11LYIN$2        -1.042      0.017    -60.540      0.000
    SC14TCOM$1        -1.609      0.019    -83.019      0.000
    SC14TCOM$2         0.438      0.017     26.042      0.000
    SC14DIST$1        -1.547      0.024    -65.017      0.000
    SC14DIST$2         0.306      0.021     14.363      0.000
    SC14FIDG$1        -1.868      0.030    -63.334      0.000
    SC14FIDG$2        -0.752      0.023    -32.748      0.000
    SC14THAC$1        -1.426      0.018    -80.474      0.000
    SC14THAC$2         0.787      0.017     46.895      0.000
    SC14TEMP$1        -1.298      0.017    -77.712      0.000
    SC14TEMP$2        -0.025      0.015     -1.599      0.110
    SC14OBEY$1        -1.945      0.030    -65.110      0.000
    SC14OBEY$2        -0.122      0.019     -6.392      0.000
    SC14LYIN$1        -2.354      0.027    -86.905      0.000
    SC14LYIN$2        -1.042      0.017    -60.540      0.000
    SC17TCOM$1        -1.720      0.034    -49.874      0.000
    SC17TCOM$2         0.209      0.028      7.589      0.000
    SC17DIST$1        -1.796      0.040    -44.491      0.000
    SC17DIST$2         0.008      0.034      0.227      0.821
    SC17FIDG$1        -2.061      0.038    -54.507      0.000
    SC17FIDG$2        -0.997      0.029    -34.828      0.000
    SC17THAC$1        -1.617      0.031    -52.554      0.000
    SC17THAC$2         0.476      0.025     18.886      0.000
    SC17TEMP$1        -1.577      0.029    -53.713      0.000
    SC17TEMP$2        -0.326      0.024    -13.638      0.000
    SC17OBEY$1        -2.047      0.021    -97.010      0.000
    SC17OBEY$2        -0.237      0.015    -15.705      0.000
    SC17LYIN$1        -2.389      0.043    -55.304      0.000
    SC17LYIN$2        -1.325      0.026    -50.620      0.000

 Variances
    I                  1.050      0.024     43.188      0.000
    S                  0.005      0.000     40.984      0.000

 Residual Variances
    SC_T5              0.013      0.001     10.141      0.000
    SC_T7              0.059      0.002     23.659      0.000
    SC_T11             0.075      0.002     30.291      0.000
    SC_T14             0.084      0.003     28.028      0.000
    SC_T17             0.074      0.003     25.120      0.000


QUALITY OF NUMERICAL RESULTS

     Condition Number for the Information Matrix              0.103E-05
       (ratio of smallest to largest eigenvalue)


TECHNICAL 1 OUTPUT


     PARAMETER SPECIFICATION


           TAU
              SC5TCOM$      SC5TCOM$      SC5DIST$      SC5DIST$      SC5FIDG$
              ________      ________      ________      ________      ________
                   16            17            18            19            20


           TAU
              SC5FIDG$      SC5THAC$      SC5THAC$      SC5TEMP$      SC5TEMP$
              ________      ________      ________      ________      ________
                   21            22            23            24            25


           TAU
              SC5OBEY$      SC5OBEY$      SC5LYIN$      SC5LYIN$      SC7TCOM$
              ________      ________      ________      ________      ________
                   26            27            28            29            16


           TAU
              SC7TCOM$      SC7DIST$      SC7DIST$      SC7FIDG$      SC7FIDG$
              ________      ________      ________      ________      ________
                   17            30            31            32            33


           TAU
              SC7THAC$      SC7THAC$      SC7TEMP$      SC7TEMP$      SC7OBEY$
              ________      ________      ________      ________      ________
                   34            35            36            37            38


           TAU
              SC7OBEY$      SC7LYIN$      SC7LYIN$      SC11TCOM      SC11TCOM
              ________      ________      ________      ________      ________
                   39            40            41            16            17


           TAU
              SC11DIST      SC11DIST      SC11FIDG      SC11FIDG      SC11THAC
              ________      ________      ________      ________      ________
                   18            19            42            43            34


           TAU
              SC11THAC      SC11TEMP      SC11TEMP      SC11OBEY      SC11OBEY
              ________      ________      ________      ________      ________
                   35            36            37            38            39


           TAU
              SC11LYIN      SC11LYIN      SC14TCOM      SC14TCOM      SC14DIST
              ________      ________      ________      ________      ________
                   44            45            16            17            18


           TAU
              SC14DIST      SC14FIDG      SC14FIDG      SC14THAC      SC14THAC
              ________      ________      ________      ________      ________
                   19            46            47            34            35


           TAU
              SC14TEMP      SC14TEMP      SC14OBEY      SC14OBEY      SC14LYIN
              ________      ________      ________      ________      ________
                   36            37            48            49            44


           TAU
              SC14LYIN      SC17TCOM      SC17TCOM      SC17DIST      SC17DIST
              ________      ________      ________      ________      ________
                   45            50            51            52            53


           TAU
              SC17FIDG      SC17FIDG      SC17THAC      SC17THAC      SC17TEMP
              ________      ________      ________      ________      ________
                   54            55            56            57            58


           TAU
              SC17TEMP      SC17OBEY      SC17OBEY      SC17LYIN      SC17LYIN
              ________      ________      ________      ________      ________
                   59            38            39            60            61


           NU
              SC5TCOM       SC5DIST       SC5FIDG       SC5THAC       SC5TEMP
              ________      ________      ________      ________      ________
                    0             0             0             0             0


           NU
              SC5OBEY       SC5LYIN       SC7TCOM       SC7DIST       SC7FIDG
              ________      ________      ________      ________      ________
                    0             0             0             0             0


           NU
              SC7THAC       SC7TEMP       SC7OBEY       SC7LYIN       SC11TCOM
              ________      ________      ________      ________      ________
                    0             0             0             0             0


           NU
              SC11DIST      SC11FIDG      SC11THAC      SC11TEMP      SC11OBEY
              ________      ________      ________      ________      ________
                    0             0             0             0             0


           NU
              SC11LYIN      SC14TCOM      SC14DIST      SC14FIDG      SC14THAC
              ________      ________      ________      ________      ________
                    0             0             0             0             0


           NU
              SC14TEMP      SC14OBEY      SC14LYIN      SC17TCOM      SC17DIST
              ________      ________      ________      ________      ________
                    0             0             0             0             0


           NU
              SC17FIDG      SC17THAC      SC17TEMP      SC17OBEY      SC17LYIN
              ________      ________      ________      ________      ________
                    0             0             0             0             0


           LAMBDA
              SC_T5         SC_T7         SC_T11        SC_T14        SC_T17
              ________      ________      ________      ________      ________
 SC5TCOM            0             0             0             0             0
 SC5DIST            1             0             0             0             0
 SC5FIDG            2             0             0             0             0
 SC5THAC            3             0             0             0             0
 SC5TEMP            4             0             0             0             0
 SC5OBEY            5             0             0             0             0
 SC5LYIN            6             0             0             0             0
 SC7TCOM            0             0             0             0             0
 SC7DIST            0             1             0             0             0
 SC7FIDG            0             2             0             0             0
 SC7THAC            0             3             0             0             0
 SC7TEMP            0             4             0             0             0
 SC7OBEY            0             5             0             0             0
 SC7LYIN            0             6             0             0             0
 SC11TCOM           0             0             0             0             0
 SC11DIST           0             0             1             0             0
 SC11FIDG           0             0             2             0             0
 SC11THAC           0             0             3             0             0
 SC11TEMP           0             0             4             0             0
 SC11OBEY           0             0             5             0             0
 SC11LYIN           0             0             6             0             0
 SC14TCOM           0             0             0             0             0
 SC14DIST           0             0             0             1             0
 SC14FIDG           0             0             0             2             0
 SC14THAC           0             0             0             3             0
 SC14TEMP           0             0             0             4             0
 SC14OBEY           0             0             0             5             0
 SC14LYIN           0             0             0             6             0
 SC17TCOM           0             0             0             0             0
 SC17DIST           0             0             0             0             1
 SC17FIDG           0             0             0             0             2
 SC17THAC           0             0             0             0             3
 SC17TEMP           0             0             0             0             4
 SC17OBEY           0             0             0             0             5
 SC17LYIN           0             0             0             0             6


           LAMBDA
              I             S
              ________      ________
 SC5TCOM            0             0
 SC5DIST            0             0
 SC5FIDG            0             0
 SC5THAC            0             0
 SC5TEMP            0             0
 SC5OBEY            0             0
 SC5LYIN            0             0
 SC7TCOM            0             0
 SC7DIST            0             0
 SC7FIDG            0             0
 SC7THAC            0             0
 SC7TEMP            0             0
 SC7OBEY            0             0
 SC7LYIN            0             0
 SC11TCOM           0             0
 SC11DIST           0             0
 SC11FIDG           0             0
 SC11THAC           0             0
 SC11TEMP           0             0
 SC11OBEY           0             0
 SC11LYIN           0             0
 SC14TCOM           0             0
 SC14DIST           0             0
 SC14FIDG           0             0
 SC14THAC           0             0
 SC14TEMP           0             0
 SC14OBEY           0             0
 SC14LYIN           0             0
 SC17TCOM           0             0
 SC17DIST           0             0
 SC17FIDG           0             0
 SC17THAC           0             0
 SC17TEMP           0             0
 SC17OBEY           0             0
 SC17LYIN           0             0


           THETA
              SC5TCOM       SC5DIST       SC5FIDG       SC5THAC       SC5TEMP
              ________      ________      ________      ________      ________
 SC5TCOM            0
 SC5DIST            0             0
 SC5FIDG            0             0             0
 SC5THAC            0             0             0             0
 SC5TEMP            0             0             0             0             0
 SC5OBEY            0             0             0             0             0
 SC5LYIN            0             0             0             0             0
 SC7TCOM            0             0             0             0             0
 SC7DIST            0             0             0             0             0
 SC7FIDG            0             0             0             0             0
 SC7THAC            0             0             0             0             0
 SC7TEMP            0             0             0             0             0
 SC7OBEY            0             0             0             0             0
 SC7LYIN            0             0             0             0             0
 SC11TCOM           0             0             0             0             0
 SC11DIST           0             0             0             0             0
 SC11FIDG           0             0             0             0             0
 SC11THAC           0             0             0             0             0
 SC11TEMP           0             0             0             0             0
 SC11OBEY           0             0             0             0             0
 SC11LYIN           0             0             0             0             0
 SC14TCOM           0             0             0             0             0
 SC14DIST           0             0             0             0             0
 SC14FIDG           0             0             0             0             0
 SC14THAC           0             0             0             0             0
 SC14TEMP           0             0             0             0             0
 SC14OBEY           0             0             0             0             0
 SC14LYIN           0             0             0             0             0
 SC17TCOM           0             0             0             0             0
 SC17DIST           0             0             0             0             0
 SC17FIDG           0             0             0             0             0
 SC17THAC           0             0             0             0             0
 SC17TEMP           0             0             0             0             0
 SC17OBEY           0             0             0             0             0
 SC17LYIN           0             0             0             0             0


           THETA
              SC5OBEY       SC5LYIN       SC7TCOM       SC7DIST       SC7FIDG
              ________      ________      ________      ________      ________
 SC5OBEY            0
 SC5LYIN            0             0
 SC7TCOM            0             0             0
 SC7DIST            0             0             0             0
 SC7FIDG            0             0             0             0             0
 SC7THAC            0             0             0             0             0
 SC7TEMP            0             0             0             0             0
 SC7OBEY            0             0             0             0             0
 SC7LYIN            0             0             0             0             0
 SC11TCOM           0             0             0             0             0
 SC11DIST           0             0             0             0             0
 SC11FIDG           0             0             0             0             0
 SC11THAC           0             0             0             0             0
 SC11TEMP           0             0             0             0             0
 SC11OBEY           0             0             0             0             0
 SC11LYIN           0             0             0             0             0
 SC14TCOM           0             0             0             0             0
 SC14DIST           0             0             0             0             0
 SC14FIDG           0             0             0             0             0
 SC14THAC           0             0             0             0             0
 SC14TEMP           0             0             0             0             0
 SC14OBEY           0             0             0             0             0
 SC14LYIN           0             0             0             0             0
 SC17TCOM           0             0             0             0             0
 SC17DIST           0             0             0             0             0
 SC17FIDG           0             0             0             0             0
 SC17THAC           0             0             0             0             0
 SC17TEMP           0             0             0             0             0
 SC17OBEY           0             0             0             0             0
 SC17LYIN           0             0             0             0             0


           THETA
              SC7THAC       SC7TEMP       SC7OBEY       SC7LYIN       SC11TCOM
              ________      ________      ________      ________      ________
 SC7THAC            0
 SC7TEMP            0             0
 SC7OBEY            0             0             0
 SC7LYIN            0             0             0             0
 SC11TCOM           0             0             0             0             0
 SC11DIST           0             0             0             0             0
 SC11FIDG           0             0             0             0             0
 SC11THAC           0             0             0             0             0
 SC11TEMP           0             0             0             0             0
 SC11OBEY           0             0             0             0             0
 SC11LYIN           0             0             0             0             0
 SC14TCOM           0             0             0             0             0
 SC14DIST           0             0             0             0             0
 SC14FIDG           0             0             0             0             0
 SC14THAC           0             0             0             0             0
 SC14TEMP           0             0             0             0             0
 SC14OBEY           0             0             0             0             0
 SC14LYIN           0             0             0             0             0
 SC17TCOM           0             0             0             0             0
 SC17DIST           0             0             0             0             0
 SC17FIDG           0             0             0             0             0
 SC17THAC           0             0             0             0             0
 SC17TEMP           0             0             0             0             0
 SC17OBEY           0             0             0             0             0
 SC17LYIN           0             0             0             0             0


           THETA
              SC11DIST      SC11FIDG      SC11THAC      SC11TEMP      SC11OBEY
              ________      ________      ________      ________      ________
 SC11DIST           0
 SC11FIDG           0             0
 SC11THAC           0             0             0
 SC11TEMP           0             0             0             0
 SC11OBEY           0             0             0             0             0
 SC11LYIN           0             0             0             0             0
 SC14TCOM           0             0             0             0             0
 SC14DIST           0             0             0             0             0
 SC14FIDG           0             0             0             0             0
 SC14THAC           0             0             0             0             0
 SC14TEMP           0             0             0             0             0
 SC14OBEY           0             0             0             0             0
 SC14LYIN           0             0             0             0             0
 SC17TCOM           0             0             0             0             0
 SC17DIST           0             0             0             0             0
 SC17FIDG           0             0             0             0             0
 SC17THAC           0             0             0             0             0
 SC17TEMP           0             0             0             0             0
 SC17OBEY           0             0             0             0             0
 SC17LYIN           0             0             0             0             0


           THETA
              SC11LYIN      SC14TCOM      SC14DIST      SC14FIDG      SC14THAC
              ________      ________      ________      ________      ________
 SC11LYIN           0
 SC14TCOM           0             0
 SC14DIST           0             0             0
 SC14FIDG           0             0             0             0
 SC14THAC           0             0             0             0             0
 SC14TEMP           0             0             0             0             0
 SC14OBEY           0             0             0             0             0
 SC14LYIN           0             0             0             0             0
 SC17TCOM           0             0             0             0             0
 SC17DIST           0             0             0             0             0
 SC17FIDG           0             0             0             0             0
 SC17THAC           0             0             0             0             0
 SC17TEMP           0             0             0             0             0
 SC17OBEY           0             0             0             0             0
 SC17LYIN           0             0             0             0             0


           THETA
              SC14TEMP      SC14OBEY      SC14LYIN      SC17TCOM      SC17DIST
              ________      ________      ________      ________      ________
 SC14TEMP           0
 SC14OBEY           0             0
 SC14LYIN           0             0             0
 SC17TCOM           0             0             0             0
 SC17DIST           0             0             0             0             0
 SC17FIDG           0             0             0             0             0
 SC17THAC           0             0             0             0             0
 SC17TEMP           0             0             0             0             0
 SC17OBEY           0             0             0             0             0
 SC17LYIN           0             0             0             0             0


           THETA
              SC17FIDG      SC17THAC      SC17TEMP      SC17OBEY      SC17LYIN
              ________      ________      ________      ________      ________
 SC17FIDG           0
 SC17THAC           0             0
 SC17TEMP           0             0             0
 SC17OBEY           0             0             0             0
 SC17LYIN           0             0             0             0             0


           ALPHA
              SC_T5         SC_T7         SC_T11        SC_T14        SC_T17
              ________      ________      ________      ________      ________
                    0             0             0             0             0


           ALPHA
              I             S
              ________      ________
                    0             7


           BETA
              SC_T5         SC_T7         SC_T11        SC_T14        SC_T17
              ________      ________      ________      ________      ________
 SC_T5              0             0             0             0             0
 SC_T7              0             0             0             0             0
 SC_T11             0             0             0             0             0
 SC_T14             0             0             0             0             0
 SC_T17             0             0             0             0             0
 I                  0             0             0             0             0
 S                  0             0             0             0             0


           BETA
              I             S
              ________      ________
 SC_T5              0             0
 SC_T7              0             0
 SC_T11             0             0
 SC_T14             0             0
 SC_T17             0             0
 I                  0             0
 S                  0             0


           PSI
              SC_T5         SC_T7         SC_T11        SC_T14        SC_T17
              ________      ________      ________      ________      ________
 SC_T5              8
 SC_T7              0             9
 SC_T11             0             0            10
 SC_T14             0             0             0            11
 SC_T17             0             0             0             0            12
 I                  0             0             0             0             0
 S                  0             0             0             0             0


           PSI
              I             S
              ________      ________
 I                 13
 S                 14            15


     STARTING VALUES


           TAU
              SC5TCOM$      SC5TCOM$      SC5DIST$      SC5DIST$      SC5FIDG$
              ________      ________      ________      ________      ________
               -1.171         0.205        -0.995         0.091        -1.235


           TAU
              SC5FIDG$      SC5THAC$      SC5THAC$      SC5TEMP$      SC5TEMP$
              ________      ________      ________      ________      ________
               -0.302        -1.123         0.685        -1.018        -0.005


           TAU
              SC5OBEY$      SC5OBEY$      SC5LYIN$      SC5LYIN$      SC7TCOM$
              ________      ________      ________      ________      ________
               -1.778        -0.103        -2.085        -0.700        -1.171


           TAU
              SC7TCOM$      SC7DIST$      SC7DIST$      SC7FIDG$      SC7FIDG$
              ________      ________      ________      ________      ________
                0.205        -0.909         0.154        -1.147        -0.264


           TAU
              SC7THAC$      SC7THAC$      SC7TEMP$      SC7TEMP$      SC7OBEY$
              ________      ________      ________      ________      ________
               -1.119         0.475        -1.043        -0.086        -1.743


           TAU
              SC7OBEY$      SC7LYIN$      SC7LYIN$      SC11TCOM      SC11TCOM
              ________      ________      ________      ________      ________
               -0.234        -2.022        -0.695        -1.171         0.205


           TAU
              SC11DIST      SC11DIST      SC11FIDG      SC11FIDG      SC11THAC
              ________      ________      ________      ________      ________
               -0.995         0.091        -1.350        -0.477        -1.119


           TAU
              SC11THAC      SC11TEMP      SC11TEMP      SC11OBEY      SC11OBEY
              ________      ________      ________      ________      ________
                0.475        -1.043        -0.086        -1.743        -0.234


           TAU
              SC11LYIN      SC11LYIN      SC14TCOM      SC14TCOM      SC14DIST
              ________      ________      ________      ________      ________
               -2.067        -0.854        -1.171         0.205        -0.995


           TAU
              SC14DIST      SC14FIDG      SC14FIDG      SC14THAC      SC14THAC
              ________      ________      ________      ________      ________
                0.091        -1.439        -0.592        -1.119         0.475


           TAU
              SC14TEMP      SC14TEMP      SC14OBEY      SC14OBEY      SC14LYIN
              ________      ________      ________      ________      ________
               -1.043        -0.086        -1.653        -0.163        -2.067


           TAU
              SC14LYIN      SC17TCOM      SC17TCOM      SC17DIST      SC17DIST
              ________      ________      ________      ________      ________
               -0.854        -1.225         0.011        -1.137        -0.121


           TAU
              SC17FIDG      SC17FIDG      SC17THAC      SC17THAC      SC17TEMP
              ________      ________      ________      ________      ________
               -1.584        -0.765        -1.260         0.207        -1.273


           TAU
              SC17TEMP      SC17OBEY      SC17OBEY      SC17LYIN      SC17LYIN
              ________      ________      ________      ________      ________
               -0.327        -1.743        -0.234        -2.069        -1.072


           NU
              SC5TCOM       SC5DIST       SC5FIDG       SC5THAC       SC5TEMP
              ________      ________      ________      ________      ________
                0.000         0.000         0.000         0.000         0.000


           NU
              SC5OBEY       SC5LYIN       SC7TCOM       SC7DIST       SC7FIDG
              ________      ________      ________      ________      ________
                0.000         0.000         0.000         0.000         0.000


           NU
              SC7THAC       SC7TEMP       SC7OBEY       SC7LYIN       SC11TCOM
              ________      ________      ________      ________      ________
                0.000         0.000         0.000         0.000         0.000


           NU
              SC11DIST      SC11FIDG      SC11THAC      SC11TEMP      SC11OBEY
              ________      ________      ________      ________      ________
                0.000         0.000         0.000         0.000         0.000


           NU
              SC11LYIN      SC14TCOM      SC14DIST      SC14FIDG      SC14THAC
              ________      ________      ________      ________      ________
                0.000         0.000         0.000         0.000         0.000


           NU
              SC14TEMP      SC14OBEY      SC14LYIN      SC17TCOM      SC17DIST
              ________      ________      ________      ________      ________
                0.000         0.000         0.000         0.000         0.000


           NU
              SC17FIDG      SC17THAC      SC17TEMP      SC17OBEY      SC17LYIN
              ________      ________      ________      ________      ________
                0.000         0.000         0.000         0.000         0.000


           LAMBDA
              SC_T5         SC_T7         SC_T11        SC_T14        SC_T17
              ________      ________      ________      ________      ________
 SC5TCOM        1.000         0.000         0.000         0.000         0.000
 SC5DIST        1.000         0.000         0.000         0.000         0.000
 SC5FIDG        1.000         0.000         0.000         0.000         0.000
 SC5THAC        1.000         0.000         0.000         0.000         0.000
 SC5TEMP        1.000         0.000         0.000         0.000         0.000
 SC5OBEY        1.000         0.000         0.000         0.000         0.000
 SC5LYIN        1.000         0.000         0.000         0.000         0.000
 SC7TCOM        0.000         1.000         0.000         0.000         0.000
 SC7DIST        0.000         1.000         0.000         0.000         0.000
 SC7FIDG        0.000         1.000         0.000         0.000         0.000
 SC7THAC        0.000         1.000         0.000         0.000         0.000
 SC7TEMP        0.000         1.000         0.000         0.000         0.000
 SC7OBEY        0.000         1.000         0.000         0.000         0.000
 SC7LYIN        0.000         1.000         0.000         0.000         0.000
 SC11TCOM       0.000         0.000         1.000         0.000         0.000
 SC11DIST       0.000         0.000         1.000         0.000         0.000
 SC11FIDG       0.000         0.000         1.000         0.000         0.000
 SC11THAC       0.000         0.000         1.000         0.000         0.000
 SC11TEMP       0.000         0.000         1.000         0.000         0.000
 SC11OBEY       0.000         0.000         1.000         0.000         0.000
 SC11LYIN       0.000         0.000         1.000         0.000         0.000
 SC14TCOM       0.000         0.000         0.000         1.000         0.000
 SC14DIST       0.000         0.000         0.000         1.000         0.000
 SC14FIDG       0.000         0.000         0.000         1.000         0.000
 SC14THAC       0.000         0.000         0.000         1.000         0.000
 SC14TEMP       0.000         0.000         0.000         1.000         0.000
 SC14OBEY       0.000         0.000         0.000         1.000         0.000
 SC14LYIN       0.000         0.000         0.000         1.000         0.000
 SC17TCOM       0.000         0.000         0.000         0.000         1.000
 SC17DIST       0.000         0.000         0.000         0.000         1.000
 SC17FIDG       0.000         0.000         0.000         0.000         1.000
 SC17THAC       0.000         0.000         0.000         0.000         1.000
 SC17TEMP       0.000         0.000         0.000         0.000         1.000
 SC17OBEY       0.000         0.000         0.000         0.000         1.000
 SC17LYIN       0.000         0.000         0.000         0.000         1.000


           LAMBDA
              I             S
              ________      ________
 SC5TCOM        0.000         0.000
 SC5DIST        0.000         0.000
 SC5FIDG        0.000         0.000
 SC5THAC        0.000         0.000
 SC5TEMP        0.000         0.000
 SC5OBEY        0.000         0.000
 SC5LYIN        0.000         0.000
 SC7TCOM        0.000         0.000
 SC7DIST        0.000         0.000
 SC7FIDG        0.000         0.000
 SC7THAC        0.000         0.000
 SC7TEMP        0.000         0.000
 SC7OBEY        0.000         0.000
 SC7LYIN        0.000         0.000
 SC11TCOM       0.000         0.000
 SC11DIST       0.000         0.000
 SC11FIDG       0.000         0.000
 SC11THAC       0.000         0.000
 SC11TEMP       0.000         0.000
 SC11OBEY       0.000         0.000
 SC11LYIN       0.000         0.000
 SC14TCOM       0.000         0.000
 SC14DIST       0.000         0.000
 SC14FIDG       0.000         0.000
 SC14THAC       0.000         0.000
 SC14TEMP       0.000         0.000
 SC14OBEY       0.000         0.000
 SC14LYIN       0.000         0.000
 SC17TCOM       0.000         0.000
 SC17DIST       0.000         0.000
 SC17FIDG       0.000         0.000
 SC17THAC       0.000         0.000
 SC17TEMP       0.000         0.000
 SC17OBEY       0.000         0.000
 SC17LYIN       0.000         0.000


           THETA
              SC5TCOM       SC5DIST       SC5FIDG       SC5THAC       SC5TEMP
              ________      ________      ________      ________      ________
 SC5TCOM        1.000
 SC5DIST        0.000         1.000
 SC5FIDG        0.000         0.000         1.000
 SC5THAC        0.000         0.000         0.000         1.000
 SC5TEMP        0.000         0.000         0.000         0.000         1.000
 SC5OBEY        0.000         0.000         0.000         0.000         0.000
 SC5LYIN        0.000         0.000         0.000         0.000         0.000
 SC7TCOM        0.000         0.000         0.000         0.000         0.000
 SC7DIST        0.000         0.000         0.000         0.000         0.000
 SC7FIDG        0.000         0.000         0.000         0.000         0.000
 SC7THAC        0.000         0.000         0.000         0.000         0.000
 SC7TEMP        0.000         0.000         0.000         0.000         0.000
 SC7OBEY        0.000         0.000         0.000         0.000         0.000
 SC7LYIN        0.000         0.000         0.000         0.000         0.000
 SC11TCOM       0.000         0.000         0.000         0.000         0.000
 SC11DIST       0.000         0.000         0.000         0.000         0.000
 SC11FIDG       0.000         0.000         0.000         0.000         0.000
 SC11THAC       0.000         0.000         0.000         0.000         0.000
 SC11TEMP       0.000         0.000         0.000         0.000         0.000
 SC11OBEY       0.000         0.000         0.000         0.000         0.000
 SC11LYIN       0.000         0.000         0.000         0.000         0.000
 SC14TCOM       0.000         0.000         0.000         0.000         0.000
 SC14DIST       0.000         0.000         0.000         0.000         0.000
 SC14FIDG       0.000         0.000         0.000         0.000         0.000
 SC14THAC       0.000         0.000         0.000         0.000         0.000
 SC14TEMP       0.000         0.000         0.000         0.000         0.000
 SC14OBEY       0.000         0.000         0.000         0.000         0.000
 SC14LYIN       0.000         0.000         0.000         0.000         0.000
 SC17TCOM       0.000         0.000         0.000         0.000         0.000
 SC17DIST       0.000         0.000         0.000         0.000         0.000
 SC17FIDG       0.000         0.000         0.000         0.000         0.000
 SC17THAC       0.000         0.000         0.000         0.000         0.000
 SC17TEMP       0.000         0.000         0.000         0.000         0.000
 SC17OBEY       0.000         0.000         0.000         0.000         0.000
 SC17LYIN       0.000         0.000         0.000         0.000         0.000


           THETA
              SC5OBEY       SC5LYIN       SC7TCOM       SC7DIST       SC7FIDG
              ________      ________      ________      ________      ________
 SC5OBEY        1.000
 SC5LYIN        0.000         1.000
 SC7TCOM        0.000         0.000         1.000
 SC7DIST        0.000         0.000         0.000         1.000
 SC7FIDG        0.000         0.000         0.000         0.000         1.000
 SC7THAC        0.000         0.000         0.000         0.000         0.000
 SC7TEMP        0.000         0.000         0.000         0.000         0.000
 SC7OBEY        0.000         0.000         0.000         0.000         0.000
 SC7LYIN        0.000         0.000         0.000         0.000         0.000
 SC11TCOM       0.000         0.000         0.000         0.000         0.000
 SC11DIST       0.000         0.000         0.000         0.000         0.000
 SC11FIDG       0.000         0.000         0.000         0.000         0.000
 SC11THAC       0.000         0.000         0.000         0.000         0.000
 SC11TEMP       0.000         0.000         0.000         0.000         0.000
 SC11OBEY       0.000         0.000         0.000         0.000         0.000
 SC11LYIN       0.000         0.000         0.000         0.000         0.000
 SC14TCOM       0.000         0.000         0.000         0.000         0.000
 SC14DIST       0.000         0.000         0.000         0.000         0.000
 SC14FIDG       0.000         0.000         0.000         0.000         0.000
 SC14THAC       0.000         0.000         0.000         0.000         0.000
 SC14TEMP       0.000         0.000         0.000         0.000         0.000
 SC14OBEY       0.000         0.000         0.000         0.000         0.000
 SC14LYIN       0.000         0.000         0.000         0.000         0.000
 SC17TCOM       0.000         0.000         0.000         0.000         0.000
 SC17DIST       0.000         0.000         0.000         0.000         0.000
 SC17FIDG       0.000         0.000         0.000         0.000         0.000
 SC17THAC       0.000         0.000         0.000         0.000         0.000
 SC17TEMP       0.000         0.000         0.000         0.000         0.000
 SC17OBEY       0.000         0.000         0.000         0.000         0.000
 SC17LYIN       0.000         0.000         0.000         0.000         0.000


           THETA
              SC7THAC       SC7TEMP       SC7OBEY       SC7LYIN       SC11TCOM
              ________      ________      ________      ________      ________
 SC7THAC        1.000
 SC7TEMP        0.000         1.000
 SC7OBEY        0.000         0.000         1.000
 SC7LYIN        0.000         0.000         0.000         1.000
 SC11TCOM       0.000         0.000         0.000         0.000         1.000
 SC11DIST       0.000         0.000         0.000         0.000         0.000
 SC11FIDG       0.000         0.000         0.000         0.000         0.000
 SC11THAC       0.000         0.000         0.000         0.000         0.000
 SC11TEMP       0.000         0.000         0.000         0.000         0.000
 SC11OBEY       0.000         0.000         0.000         0.000         0.000
 SC11LYIN       0.000         0.000         0.000         0.000         0.000
 SC14TCOM       0.000         0.000         0.000         0.000         0.000
 SC14DIST       0.000         0.000         0.000         0.000         0.000
 SC14FIDG       0.000         0.000         0.000         0.000         0.000
 SC14THAC       0.000         0.000         0.000         0.000         0.000
 SC14TEMP       0.000         0.000         0.000         0.000         0.000
 SC14OBEY       0.000         0.000         0.000         0.000         0.000
 SC14LYIN       0.000         0.000         0.000         0.000         0.000
 SC17TCOM       0.000         0.000         0.000         0.000         0.000
 SC17DIST       0.000         0.000         0.000         0.000         0.000
 SC17FIDG       0.000         0.000         0.000         0.000         0.000
 SC17THAC       0.000         0.000         0.000         0.000         0.000
 SC17TEMP       0.000         0.000         0.000         0.000         0.000
 SC17OBEY       0.000         0.000         0.000         0.000         0.000
 SC17LYIN       0.000         0.000         0.000         0.000         0.000


           THETA
              SC11DIST      SC11FIDG      SC11THAC      SC11TEMP      SC11OBEY
              ________      ________      ________      ________      ________
 SC11DIST       1.000
 SC11FIDG       0.000         1.000
 SC11THAC       0.000         0.000         1.000
 SC11TEMP       0.000         0.000         0.000         1.000
 SC11OBEY       0.000         0.000         0.000         0.000         1.000
 SC11LYIN       0.000         0.000         0.000         0.000         0.000
 SC14TCOM       0.000         0.000         0.000         0.000         0.000
 SC14DIST       0.000         0.000         0.000         0.000         0.000
 SC14FIDG       0.000         0.000         0.000         0.000         0.000
 SC14THAC       0.000         0.000         0.000         0.000         0.000
 SC14TEMP       0.000         0.000         0.000         0.000         0.000
 SC14OBEY       0.000         0.000         0.000         0.000         0.000
 SC14LYIN       0.000         0.000         0.000         0.000         0.000
 SC17TCOM       0.000         0.000         0.000         0.000         0.000
 SC17DIST       0.000         0.000         0.000         0.000         0.000
 SC17FIDG       0.000         0.000         0.000         0.000         0.000
 SC17THAC       0.000         0.000         0.000         0.000         0.000
 SC17TEMP       0.000         0.000         0.000         0.000         0.000
 SC17OBEY       0.000         0.000         0.000         0.000         0.000
 SC17LYIN       0.000         0.000         0.000         0.000         0.000


           THETA
              SC11LYIN      SC14TCOM      SC14DIST      SC14FIDG      SC14THAC
              ________      ________      ________      ________      ________
 SC11LYIN       1.000
 SC14TCOM       0.000         1.000
 SC14DIST       0.000         0.000         1.000
 SC14FIDG       0.000         0.000         0.000         1.000
 SC14THAC       0.000         0.000         0.000         0.000         1.000
 SC14TEMP       0.000         0.000         0.000         0.000         0.000
 SC14OBEY       0.000         0.000         0.000         0.000         0.000
 SC14LYIN       0.000         0.000         0.000         0.000         0.000
 SC17TCOM       0.000         0.000         0.000         0.000         0.000
 SC17DIST       0.000         0.000         0.000         0.000         0.000
 SC17FIDG       0.000         0.000         0.000         0.000         0.000
 SC17THAC       0.000         0.000         0.000         0.000         0.000
 SC17TEMP       0.000         0.000         0.000         0.000         0.000
 SC17OBEY       0.000         0.000         0.000         0.000         0.000
 SC17LYIN       0.000         0.000         0.000         0.000         0.000


           THETA
              SC14TEMP      SC14OBEY      SC14LYIN      SC17TCOM      SC17DIST
              ________      ________      ________      ________      ________
 SC14TEMP       1.000
 SC14OBEY       0.000         1.000
 SC14LYIN       0.000         0.000         1.000
 SC17TCOM       0.000         0.000         0.000         1.000
 SC17DIST       0.000         0.000         0.000         0.000         1.000
 SC17FIDG       0.000         0.000         0.000         0.000         0.000
 SC17THAC       0.000         0.000         0.000         0.000         0.000
 SC17TEMP       0.000         0.000         0.000         0.000         0.000
 SC17OBEY       0.000         0.000         0.000         0.000         0.000
 SC17LYIN       0.000         0.000         0.000         0.000         0.000


           THETA
              SC17FIDG      SC17THAC      SC17TEMP      SC17OBEY      SC17LYIN
              ________      ________      ________      ________      ________
 SC17FIDG       1.000
 SC17THAC       0.000         1.000
 SC17TEMP       0.000         0.000         1.000
 SC17OBEY       0.000         0.000         0.000         1.000
 SC17LYIN       0.000         0.000         0.000         0.000         1.000


           ALPHA
              SC_T5         SC_T7         SC_T11        SC_T14        SC_T17
              ________      ________      ________      ________      ________
                0.000         0.000         0.000         0.000         0.000


           ALPHA
              I             S
              ________      ________
                0.000         0.000


           BETA
              SC_T5         SC_T7         SC_T11        SC_T14        SC_T17
              ________      ________      ________      ________      ________
 SC_T5          0.000         0.000         0.000         0.000         0.000
 SC_T7          0.000         0.000         0.000         0.000         0.000
 SC_T11         0.000         0.000         0.000         0.000         0.000
 SC_T14         0.000         0.000         0.000         0.000         0.000
 SC_T17         0.000         0.000         0.000         0.000         0.000
 I              0.000         0.000         0.000         0.000         0.000
 S              0.000         0.000         0.000         0.000         0.000


           BETA
              I             S
              ________      ________
 SC_T5          0.000         0.000
 SC_T7          0.000         0.000
 SC_T11         0.000         0.000
 SC_T14         0.000         0.000
 SC_T17         0.000         0.000
 I              0.000         0.000
 S              0.000         0.000


           PSI
              SC_T5         SC_T7         SC_T11        SC_T14        SC_T17
              ________      ________      ________      ________      ________
 SC_T5          0.050
 SC_T7          0.000         0.050
 SC_T11         0.000         0.000         0.050
 SC_T14         0.000         0.000         0.000         0.050
 SC_T17         0.000         0.000         0.000         0.000         0.050
 I              0.000         0.000         0.000         0.000         0.000
 S              0.000         0.000         0.000         0.000         0.000


           PSI
              I             S
              ________      ________
 I              1.000
 S              0.000         1.000


DIAGRAM INFORMATION

  Use View Diagram under the Diagram menu in the Mplus Editor to view the diagram.
  If running Mplus from the Mplus Diagrammer, the diagram opens automatically.

  Diagram output
    c:\users\siyan\onedrive - the pennsylvania state university\dissertation_working\data\mplus\ch1_sc_lgc.dgm

     Beginning Time:  17:12:51
        Ending Time:  17:56:49
       Elapsed Time:  00:43:58



MUTHEN & MUTHEN
3463 Stoner Ave.
Los Angeles, CA  90066

Tel: (310) 391-9971
Fax: (310) 391-8971
Web: www.StatModel.com
Support: Support@StatModel.com

Copyright (c) 1998-2019 Muthen & Muthen
