Mplus VERSION 8.8
MUTHEN & MUTHEN
11/02/2025  12:53 AM

INPUT INSTRUCTIONS

  TITLE: Three-class growth mixture on continuous wave factor scores
         with complex survey features and time-invariant covariates as predictors of class m

  DATA:
    FILE = sc_wave_fscores_complete.dat;

  VARIABLE:
        NAMES =
  		SC3THAC SC3TCOM SC3OBEY SC3DIST SC3TEMP SC3REST SC3FIDG
  		SC5THAC SC5TCOM SC5OBEY SC5DIST SC5TEMP SC5REST SC5FIDG
  		SC7THAC SC7TCOM SC7OBEY SC7DIST SC7TEMP SC7REST SC7FIDG
  		SC11THAC SC11TCOM SC11OBEY SC11DIST SC11TEMP SC11REST SC11FIDG
  		SC14THAC SC14TCOM SC14OBEY SC14DIST SC14TEMP SC14REST SC14FIDG
  		SC17THAC SC17TCOM SC17OBEY SC17DIST SC17TEMP SC17REST SC17FIDG
  		IGNORE3 SMACK3 SHOUT3 BEDROOM3 TREATS3 TELLOFF3 BRIBE3
  		IGNORE5 SMACK5 SHOUT5 BEDROOM5 TREATS5 TELLOFF5 BRIBE5 REASON5
  		RINDOOR5 DINNER5 CLOSE5 READ5 STORY5 MUSIC5 PAINT5 ACTIVE5 GAMES5 PARK5
  		IGNORE7 SMACK7 SHOUT7 BEDROOM7 TREATS7 TELLOFF7 BRIBE7 REASON7
  		RINDOOR7 DINNER7 CLOSE7 READ7 STORY7 MUSIC7 PAINT7 ACTIVE7 GAMES7 PARK7 TVRULES7
  		BEDROOM11 TREATS11 REASON11 CLOSE11 ACTIVE11 GAMES11
  		PWHERE14 PWHO14 PWHAT14 CMWHERE14 CMWHO14 CMWHAT14
  		CMWHERE17 CMTBACK17 PWHERE17 PTBACK17 LIVEWP17
  		PEDU BPEDU SEX RACE BRACE BMARRIED INCOMEC INCOMEL INCOMEF LBW
  		NAMHAPNA NAMUNFAA NAMBRUSA NAMFEEDA NAMINJUA NAMBATHA NAMWARYA
  		NAMBSHYA NAMFRETA NAMSLEEA NAMMILKA NAMSLTIA NAMNAPSA NAMSOFOA
  		INFTEMPR INFTEMP DFPW DUPD DUPW HFAE COGA SCOGA AGE3
  		AGE5 AGE7 AGE11 AGE14 AGE17
  		SC_3 SC_3_SE SC_5 SC_5_SE SC_7 SC_7_SE SC_11 SC_11_SE
  		SC_14 SC_14_SE SC_17 SC_17_SE
  		GOVWT1 MCSID PTTYPE2 SPTN00;

        USEVARIABLES =
  		SC_3 SC_5 SC_7 SC_11 SC_14 SC_17
          scoga lbw inftemp hfae bmarried brace sex bpedu incomef;

    IDVARIABLE = mcsid;
    MISSING = *;

    ! ---- Complex survey design retained in mixture ----
    STRATIFICATION = pttype2;
    CLUSTER       = sptn00;
    WEIGHT        = govwt1;
    SUBPOPULATION = (govwt1 > 0);

    ! ---- Two latent classes ----
    CLASSES = c(3);
    AUXILIARY = scoga (R3STEP)
  			  lbw (R3STEP)
  		      inftemp (R3STEP)
  			  hfae (R3STEP)
  			  bmarried (R3STEP)
  			  brace (R3STEP)
  			  sex (R3STEP)
  			  bpedu (R3STEP)
  			  incomef (R3STEP);

  ANALYSIS:
    TYPE = COMPLEX MIXTURE;   ! mixture + survey adjustments are allowed
    ESTIMATOR = MLR;          ! robust ML for continuous outcomes in mixtures
    PROCESSORS = 12;
    STARTS = 0;
    STITERATIONS = 30;
    LRTSTARTS = 800 200 2000 500; ! for TECH14 bootstrapped LRT
    STSEED = 20251021;     ! sets the global seed for random starts


  MODEL:
   !MODEL COMMAND WITH FINAL ESTIMATES USED AS STARTING VALUES

       %OVERALL%

       i s | sc_3@0 sc_5* sc_7* sc_11* sc_14* sc_17@1;

       [ c#1*-0.86603 ];
       [ c#2*-2.44592 ];

       %C#1%

       s BY sc_5*0.17957 (1);
       s BY sc_7*0.33848 (2);
       s BY sc_11*0.69828 (3);
       s BY sc_14*0.85020 (4);

       i WITH s*-0.26211 (14);

       [ sc_3@0 ];
       [ sc_5@0 ];
       [ sc_7@0 ];
       [ sc_11@0 ];
       [ sc_14@0 ];
       [ sc_17@0 ];
       [ i*0.18647 ] (mi1);
       [ s*0.80228 ] (ms1);

       sc_3*0.16701 (5);
       sc_5*0.04785 (6);
       sc_7*0.07107 (7);
       sc_11*0.04605 (8);
       sc_14*0.04728 (9);
       sc_17*0.06182 (10);
       i*0.70597 (13);
       s*0.26777 (15);

       %C#2%

       s BY sc_5*0.17957 (1);
       s BY sc_7*0.33848 (2);
       s BY sc_11*0.69828 (3);
       s BY sc_14*0.85020 (4);

       i WITH s*-0.26211 (14);

       [ sc_3@0 ];
       [ sc_5@0 ];
       [ sc_7@0 ];
       [ sc_11@0 ];
       [ sc_14@0 ];
       [ sc_17@0 ];
       [ i*-0.98496 ] (mi2);
       [ s*-0.87792 ] (ms2);

       sc_3*0.16701 (5);
       sc_5*0.04785 (6);
       sc_7*0.07107 (7);
       sc_11*0.04605 (8);
       sc_14*0.04728 (9);
       sc_17*0.06182 (10);
       i*0.70597 (13);
       s*0.26777 (15);

       %C#3%

       s BY sc_5*0.17957 (1);
       s BY sc_7*0.33848 (2);
       s BY sc_11*0.69828 (3);
       s BY sc_14*0.85020 (4);

       i WITH s*-0.26211 (14);

       [ sc_3@0 ];
       [ sc_5@0 ];
       [ sc_7@0 ];
       [ sc_11@0 ];
       [ sc_14@0 ];
       [ sc_17@0 ];
       [ i*-0.24335 ] (mi3);
       [ s*0.09717 ] (ms3);

       sc_3*0.16701 (5);
       sc_5*0.04785 (6);
       sc_7*0.07107 (7);
       sc_11*0.04605 (8);
       sc_14*0.04728 (9);
       sc_17*0.06182 (10);
       i*0.70597 (13);
       s*0.26777 (15);


  OUTPUT:
    TECH1 TECH4 STANDARDIZED;

  PLOT:
    TYPE = PLOT2 PLOT3;

  SAVEDATA:
  	FILE = sc_sogmm_r3step.dat;
  	SAVE = CPROBABILITIES;



*** WARNING
  Input line exceeded 90 characters. Some input may be truncated.
         with complex survey features and time-invariant covariates as predictors of class me
   1 WARNING(S) FOUND IN THE INPUT INSTRUCTIONS



Three-class growth mixture on continuous wave factor scores
with complex survey features and time-invariant covariates as predictors of class m

SUMMARY OF ANALYSIS

Number of groups                                                 1
Number of observations                                       10591

Number of dependent variables                                    6
Number of independent variables                                  0
Number of continuous latent variables                            2
Number of categorical latent variables                           1

Observed dependent variables

  Continuous
   SC_3        SC_5        SC_7        SC_11       SC_14       SC_17

Observed auxiliary variables
   SCOGA       LBW         INFTEMP     HFAE        BMARRIED    BRACE
   SEX         BPEDU       INCOMEF

Continuous latent variables
   I           S

Categorical latent variables
   C

Variables with special functions

  Stratification        PTTYPE2
  Cluster variable      SPTN00
  Weight variable       GOVWT1
  ID variable           MCSID

Estimator                                                      MLR
Information matrix                                        OBSERVED
Optimization Specifications for the Quasi-Newton Algorithm for
Continuous Outcomes
  Maximum number of iterations                                 100
  Convergence criterion                                  0.100D-05
Optimization Specifications for the EM Algorithm
  Maximum number of iterations                                 500
  Convergence criteria
    Loglikelihood change                                 0.100D-06
    Relative loglikelihood change                        0.100D-06
    Derivative                                           0.100D-05
Optimization Specifications for the M step of the EM Algorithm for
Categorical Latent variables
  Number of M step iterations                                    1
  M step convergence criterion                           0.100D-05
  Basis for M step termination                           ITERATION
Optimization Specifications for the M step of the EM Algorithm for
Censored, Binary or Ordered Categorical (Ordinal), Unordered
Categorical (Nominal) and Count Outcomes
  Number of M step iterations                                    1
  M step convergence criterion                           0.100D-05
  Basis for M step termination                           ITERATION
  Maximum value for logit thresholds                            15
  Minimum value for logit thresholds                           -15
  Minimum expected cell size for chi-square              0.100D-01
Maximum number of iterations for H1                           2000
Convergence criterion for H1                             0.100D-03
Optimization algorithm                                         EMA

Input data file(s)
  sc_wave_fscores_complete.dat
Input data format  FREE


SUMMARY OF DATA

     Number of missing data patterns             1
     Number of y missing data patterns           1
     Number of u missing data patterns           0
     Number of strata                            9
     Number of clusters                        398



UNIVARIATE SAMPLE STATISTICS


     UNIVARIATE HIGHER-ORDER MOMENT DESCRIPTIVE STATISTICS

         Variable/         Mean/     Skewness/   Minimum/ % with                Percentiles
        Sample Size      Variance    Kurtosis    Maximum  Min/Max      20%/60%    40%/80%    Median

     SC_3                 -0.240      -0.183      -3.068    0.01%      -0.909     -0.441     -0.231
           10591.000       0.638       0.074       2.009    0.12%      -0.030      0.429
     SC_5                 -0.090      -0.198      -3.351    0.01%      -0.812     -0.276     -0.061
           10591.000       0.809       0.087       2.335    0.12%       0.169      0.692
     SC_7                 -0.085      -0.178      -3.561    0.01%      -0.844     -0.281     -0.042
           10591.000       0.898       0.006       2.452    0.12%       0.196      0.768
     SC_11                -0.012      -0.247      -3.711    0.01%      -0.756     -0.195      0.042
           10591.000       0.945       0.294       2.525    0.12%       0.279      0.824
     SC_14                 0.016      -0.241      -3.720    0.01%      -0.702     -0.176      0.053
           10591.000       0.893       0.293       2.415    0.12%       0.285      0.860
     SC_17                 0.097      -0.317      -3.599    0.01%      -0.588     -0.071      0.143
           10591.000       0.868       0.333       2.294    0.12%       0.378      0.935


THE MODEL ESTIMATION TERMINATED NORMALLY



MODEL FIT INFORMATION

Number of Free Parameters                       21

Loglikelihood

          H0 Value                      -35397.096
          H0 Scaling Correction Factor      3.2358
            for MLR

Information Criteria

          Akaike (AIC)                   70836.191
          Bayesian (BIC)                 70988.814
          Sample-Size Adjusted BIC       70922.079
            (n* = (n + 2) / 24)



FINAL CLASS COUNTS AND PROPORTIONS FOR THE LATENT CLASSES
BASED ON THE ESTIMATED MODEL

    Latent
   Classes

       1       2955.53400          0.27906
       2        608.83380          0.05749
       3       7026.63220          0.66345


FINAL CLASS COUNTS AND PROPORTIONS FOR THE LATENT CLASSES
BASED ON ESTIMATED POSTERIOR PROBABILITIES

    Latent
   Classes

       1       2955.53400          0.27906
       2        608.83380          0.05749
       3       7026.63220          0.66345


FINAL CLASS COUNTS AND PROPORTIONS FOR THE LATENT CLASSES
BASED ON THEIR MOST LIKELY LATENT CLASS MEMBERSHIP

Class Counts and Proportions

    Latent
   Classes

       1             2617          0.24714
       2              501          0.04734
       3             7472          0.70552


CLASSIFICATION QUALITY

     Entropy                         0.655


Average Latent Class Probabilities for Most Likely Latent Class Membership (Row)
by Latent Class (Column)

           1        2        3

    1   0.788    0.000    0.212
    2   0.000    0.836    0.163
    3   0.119    0.025    0.855


Classification Probabilities for the Most Likely Latent Class Membership (Column)
by Latent Class (Row)

           1        2        3

    1   0.698    0.000    0.302
    2   0.000    0.689    0.311
    3   0.079    0.012    0.909


Logits for the Classification Probabilities for the Most Likely Latent Class Membership (Column)
by Latent Class (Row)

              1        2        3

    1      0.838  -10.025    0.000
    2    -10.269    0.795    0.000
    3     -2.445   -4.356    0.000


MODEL RESULTS

                                                    Two-Tailed
                    Estimate       S.E.  Est./S.E.    P-Value

Latent Class 1

 I        |
    SC_3               1.000      0.000    999.000    999.000
    SC_5               1.000      0.000    999.000    999.000
    SC_7               1.000      0.000    999.000    999.000
    SC_11              1.000      0.000    999.000    999.000
    SC_14              1.000      0.000    999.000    999.000
    SC_17              1.000      0.000    999.000    999.000

 S        |
    SC_3               0.000      0.000    999.000    999.000
    SC_5               0.180      0.010     17.728      0.000
    SC_7               0.338      0.010     33.048      0.000
    SC_11              0.698      0.009     79.988      0.000
    SC_14              0.850      0.007    117.637      0.000
    SC_17              1.000      0.000    999.000    999.000

 S        WITH
    I                 -0.262      0.017    -15.520      0.000

 Means
    I                  0.186      0.088      2.126      0.033
    S                  0.802      0.077     10.444      0.000

 Intercepts
    SC_3               0.000      0.000    999.000    999.000
    SC_5               0.000      0.000    999.000    999.000
    SC_7               0.000      0.000    999.000    999.000
    SC_11              0.000      0.000    999.000    999.000
    SC_14              0.000      0.000    999.000    999.000
    SC_17              0.000      0.000    999.000    999.000

 Variances
    I                  0.706      0.032     21.907      0.000
    S                  0.268      0.035      7.733      0.000

 Residual Variances
    SC_3               0.167      0.005     33.997      0.000
    SC_5               0.048      0.002     20.575      0.000
    SC_7               0.071      0.002     34.922      0.000
    SC_11              0.046      0.002     27.601      0.000
    SC_14              0.047      0.002     23.620      0.000
    SC_17              0.062      0.003     21.953      0.000

Latent Class 2

 I        |
    SC_3               1.000      0.000    999.000    999.000
    SC_5               1.000      0.000    999.000    999.000
    SC_7               1.000      0.000    999.000    999.000
    SC_11              1.000      0.000    999.000    999.000
    SC_14              1.000      0.000    999.000    999.000
    SC_17              1.000      0.000    999.000    999.000

 S        |
    SC_3               0.000      0.000    999.000    999.000
    SC_5               0.180      0.010     17.728      0.000
    SC_7               0.338      0.010     33.048      0.000
    SC_11              0.698      0.009     79.988      0.000
    SC_14              0.850      0.007    117.637      0.000
    SC_17              1.000      0.000    999.000    999.000

 S        WITH
    I                 -0.262      0.017    -15.520      0.000

 Means
    I                 -0.985      0.184     -5.353      0.000
    S                 -0.878      0.099     -8.840      0.000

 Intercepts
    SC_3               0.000      0.000    999.000    999.000
    SC_5               0.000      0.000    999.000    999.000
    SC_7               0.000      0.000    999.000    999.000
    SC_11              0.000      0.000    999.000    999.000
    SC_14              0.000      0.000    999.000    999.000
    SC_17              0.000      0.000    999.000    999.000

 Variances
    I                  0.706      0.032     21.907      0.000
    S                  0.268      0.035      7.733      0.000

 Residual Variances
    SC_3               0.167      0.005     33.997      0.000
    SC_5               0.048      0.002     20.575      0.000
    SC_7               0.071      0.002     34.922      0.000
    SC_11              0.046      0.002     27.601      0.000
    SC_14              0.047      0.002     23.620      0.000
    SC_17              0.062      0.003     21.953      0.000

Latent Class 3

 I        |
    SC_3               1.000      0.000    999.000    999.000
    SC_5               1.000      0.000    999.000    999.000
    SC_7               1.000      0.000    999.000    999.000
    SC_11              1.000      0.000    999.000    999.000
    SC_14              1.000      0.000    999.000    999.000
    SC_17              1.000      0.000    999.000    999.000

 S        |
    SC_3               0.000      0.000    999.000    999.000
    SC_5               0.180      0.010     17.728      0.000
    SC_7               0.338      0.010     33.048      0.000
    SC_11              0.698      0.009     79.988      0.000
    SC_14              0.850      0.007    117.637      0.000
    SC_17              1.000      0.000    999.000    999.000

 S        WITH
    I                 -0.262      0.017    -15.520      0.000

 Means
    I                 -0.243      0.039     -6.229      0.000
    S                  0.097      0.020      4.776      0.000

 Intercepts
    SC_3               0.000      0.000    999.000    999.000
    SC_5               0.000      0.000    999.000    999.000
    SC_7               0.000      0.000    999.000    999.000
    SC_11              0.000      0.000    999.000    999.000
    SC_14              0.000      0.000    999.000    999.000
    SC_17              0.000      0.000    999.000    999.000

 Variances
    I                  0.706      0.032     21.907      0.000
    S                  0.268      0.035      7.733      0.000

 Residual Variances
    SC_3               0.167      0.005     33.997      0.000
    SC_5               0.048      0.002     20.575      0.000
    SC_7               0.071      0.002     34.922      0.000
    SC_11              0.046      0.002     27.601      0.000
    SC_14              0.047      0.002     23.620      0.000
    SC_17              0.062      0.003     21.953      0.000

Categorical Latent Variables

 Means
    C#1               -0.866      0.113     -7.678      0.000
    C#2               -2.446      0.188    -13.042      0.000


QUALITY OF NUMERICAL RESULTS

     Condition Number for the Information Matrix              0.751E-04
       (ratio of smallest to largest eigenvalue)


STANDARDIZED MODEL RESULTS


STDYX Standardization

                                                    Two-Tailed
                    Estimate       S.E.  Est./S.E.    P-Value

Latent Class 1

 I        |
    SC_3               0.899      0.005    199.467      0.000
    SC_5               1.028      0.006    183.136      0.000
    SC_7               1.058      0.009    112.113      0.000
    SC_11              1.169      0.022     52.531      0.000
    SC_14              1.187      0.027     44.102      0.000
    SC_17              1.175      0.031     38.246      0.000

 S        |
    SC_3               0.000      0.000    999.000    999.000
    SC_5               0.114      0.012      9.394      0.000
    SC_7               0.221      0.022     10.119      0.000
    SC_11              0.503      0.048     10.489      0.000
    SC_14              0.621      0.057     10.997      0.000
    SC_17              0.724      0.062     11.741      0.000

 S        WITH
    I                 -0.603      0.031    -19.675      0.000

 Means
    I                  0.222      0.109      2.040      0.041
    S                  1.550      0.244      6.364      0.000

 Intercepts
    SC_3               0.000      0.000    999.000    999.000
    SC_5               0.000      0.000    999.000    999.000
    SC_7               0.000      0.000    999.000    999.000
    SC_11              0.000      0.000    999.000    999.000
    SC_14              0.000      0.000    999.000    999.000
    SC_17              0.000      0.000    999.000    999.000

 Variances
    I                  1.000      0.000    999.000    999.000
    S                  1.000      0.000    999.000    999.000

 Residual Variances
    SC_3               0.191      0.008     23.593      0.000
    SC_5               0.072      0.005     14.881      0.000
    SC_7               0.113      0.007     15.315      0.000
    SC_11              0.089      0.007     13.022      0.000
    SC_14              0.094      0.008     12.207      0.000
    SC_17              0.121      0.010     12.398      0.000

Latent Class 2

 I        |
    SC_3               0.899      0.005    199.467      0.000
    SC_5               1.028      0.006    183.136      0.000
    SC_7               1.058      0.009    112.113      0.000
    SC_11              1.169      0.022     52.531      0.000
    SC_14              1.187      0.027     44.102      0.000
    SC_17              1.175      0.031     38.246      0.000

 S        |
    SC_3               0.000      0.000    999.000    999.000
    SC_5               0.114      0.012      9.394      0.000
    SC_7               0.221      0.022     10.119      0.000
    SC_11              0.503      0.048     10.489      0.000
    SC_14              0.621      0.057     10.997      0.000
    SC_17              0.724      0.062     11.741      0.000

 S        WITH
    I                 -0.603      0.031    -19.675      0.000

 Means
    I                 -1.172      0.237     -4.956      0.000
    S                 -1.697      0.260     -6.534      0.000

 Intercepts
    SC_3               0.000      0.000    999.000    999.000
    SC_5               0.000      0.000    999.000    999.000
    SC_7               0.000      0.000    999.000    999.000
    SC_11              0.000      0.000    999.000    999.000
    SC_14              0.000      0.000    999.000    999.000
    SC_17              0.000      0.000    999.000    999.000

 Variances
    I                  1.000      0.000    999.000    999.000
    S                  1.000      0.000    999.000    999.000

 Residual Variances
    SC_3               0.191      0.008     23.593      0.000
    SC_5               0.072      0.005     14.881      0.000
    SC_7               0.113      0.007     15.315      0.000
    SC_11              0.089      0.007     13.022      0.000
    SC_14              0.094      0.008     12.207      0.000
    SC_17              0.121      0.010     12.398      0.000

Latent Class 3

 I        |
    SC_3               0.899      0.005    199.467      0.000
    SC_5               1.028      0.006    183.136      0.000
    SC_7               1.058      0.009    112.113      0.000
    SC_11              1.169      0.022     52.531      0.000
    SC_14              1.187      0.027     44.102      0.000
    SC_17              1.175      0.031     38.246      0.000

 S        |
    SC_3               0.000      0.000    999.000    999.000
    SC_5               0.114      0.012      9.394      0.000
    SC_7               0.221      0.022     10.119      0.000
    SC_11              0.503      0.048     10.489      0.000
    SC_14              0.621      0.057     10.997      0.000
    SC_17              0.724      0.062     11.741      0.000

 S        WITH
    I                 -0.603      0.031    -19.675      0.000

 Means
    I                 -0.290      0.051     -5.664      0.000
    S                  0.188      0.039      4.824      0.000

 Intercepts
    SC_3               0.000      0.000    999.000    999.000
    SC_5               0.000      0.000    999.000    999.000
    SC_7               0.000      0.000    999.000    999.000
    SC_11              0.000      0.000    999.000    999.000
    SC_14              0.000      0.000    999.000    999.000
    SC_17              0.000      0.000    999.000    999.000

 Variances
    I                  1.000      0.000    999.000    999.000
    S                  1.000      0.000    999.000    999.000

 Residual Variances
    SC_3               0.191      0.008     23.593      0.000
    SC_5               0.072      0.005     14.881      0.000
    SC_7               0.113      0.007     15.315      0.000
    SC_11              0.089      0.007     13.022      0.000
    SC_14              0.094      0.008     12.207      0.000
    SC_17              0.121      0.010     12.398      0.000


STDY Standardization

                                                    Two-Tailed
                    Estimate       S.E.  Est./S.E.    P-Value

Latent Class 1

 I        |
    SC_3               0.899      0.005    199.467      0.000
    SC_5               1.028      0.006    183.136      0.000
    SC_7               1.058      0.009    112.113      0.000
    SC_11              1.169      0.022     52.531      0.000
    SC_14              1.187      0.027     44.102      0.000
    SC_17              1.175      0.031     38.246      0.000

 S        |
    SC_3               0.000      0.000    999.000    999.000
    SC_5               0.114      0.012      9.394      0.000
    SC_7               0.221      0.022     10.119      0.000
    SC_11              0.503      0.048     10.489      0.000
    SC_14              0.621      0.057     10.997      0.000
    SC_17              0.724      0.062     11.741      0.000

 S        WITH
    I                 -0.603      0.031    -19.675      0.000

 Means
    I                  0.222      0.109      2.040      0.041
    S                  1.550      0.244      6.364      0.000

 Intercepts
    SC_3               0.000      0.000    999.000    999.000
    SC_5               0.000      0.000    999.000    999.000
    SC_7               0.000      0.000    999.000    999.000
    SC_11              0.000      0.000    999.000    999.000
    SC_14              0.000      0.000    999.000    999.000
    SC_17              0.000      0.000    999.000    999.000

 Variances
    I                  1.000      0.000    999.000    999.000
    S                  1.000      0.000    999.000    999.000

 Residual Variances
    SC_3               0.191      0.008     23.593      0.000
    SC_5               0.072      0.005     14.881      0.000
    SC_7               0.113      0.007     15.315      0.000
    SC_11              0.089      0.007     13.022      0.000
    SC_14              0.094      0.008     12.207      0.000
    SC_17              0.121      0.010     12.398      0.000

Latent Class 2

 I        |
    SC_3               0.899      0.005    199.467      0.000
    SC_5               1.028      0.006    183.136      0.000
    SC_7               1.058      0.009    112.113      0.000
    SC_11              1.169      0.022     52.531      0.000
    SC_14              1.187      0.027     44.102      0.000
    SC_17              1.175      0.031     38.246      0.000

 S        |
    SC_3               0.000      0.000    999.000    999.000
    SC_5               0.114      0.012      9.394      0.000
    SC_7               0.221      0.022     10.119      0.000
    SC_11              0.503      0.048     10.489      0.000
    SC_14              0.621      0.057     10.997      0.000
    SC_17              0.724      0.062     11.741      0.000

 S        WITH
    I                 -0.603      0.031    -19.675      0.000

 Means
    I                 -1.172      0.237     -4.956      0.000
    S                 -1.697      0.260     -6.534      0.000

 Intercepts
    SC_3               0.000      0.000    999.000    999.000
    SC_5               0.000      0.000    999.000    999.000
    SC_7               0.000      0.000    999.000    999.000
    SC_11              0.000      0.000    999.000    999.000
    SC_14              0.000      0.000    999.000    999.000
    SC_17              0.000      0.000    999.000    999.000

 Variances
    I                  1.000      0.000    999.000    999.000
    S                  1.000      0.000    999.000    999.000

 Residual Variances
    SC_3               0.191      0.008     23.593      0.000
    SC_5               0.072      0.005     14.881      0.000
    SC_7               0.113      0.007     15.315      0.000
    SC_11              0.089      0.007     13.022      0.000
    SC_14              0.094      0.008     12.207      0.000
    SC_17              0.121      0.010     12.398      0.000

Latent Class 3

 I        |
    SC_3               0.899      0.005    199.467      0.000
    SC_5               1.028      0.006    183.136      0.000
    SC_7               1.058      0.009    112.113      0.000
    SC_11              1.169      0.022     52.531      0.000
    SC_14              1.187      0.027     44.102      0.000
    SC_17              1.175      0.031     38.246      0.000

 S        |
    SC_3               0.000      0.000    999.000    999.000
    SC_5               0.114      0.012      9.394      0.000
    SC_7               0.221      0.022     10.119      0.000
    SC_11              0.503      0.048     10.489      0.000
    SC_14              0.621      0.057     10.997      0.000
    SC_17              0.724      0.062     11.741      0.000

 S        WITH
    I                 -0.603      0.031    -19.675      0.000

 Means
    I                 -0.290      0.051     -5.664      0.000
    S                  0.188      0.039      4.824      0.000

 Intercepts
    SC_3               0.000      0.000    999.000    999.000
    SC_5               0.000      0.000    999.000    999.000
    SC_7               0.000      0.000    999.000    999.000
    SC_11              0.000      0.000    999.000    999.000
    SC_14              0.000      0.000    999.000    999.000
    SC_17              0.000      0.000    999.000    999.000

 Variances
    I                  1.000      0.000    999.000    999.000
    S                  1.000      0.000    999.000    999.000

 Residual Variances
    SC_3               0.191      0.008     23.593      0.000
    SC_5               0.072      0.005     14.881      0.000
    SC_7               0.113      0.007     15.315      0.000
    SC_11              0.089      0.007     13.022      0.000
    SC_14              0.094      0.008     12.207      0.000
    SC_17              0.121      0.010     12.398      0.000


STD Standardization

                                                    Two-Tailed
                    Estimate       S.E.  Est./S.E.    P-Value

Latent Class 1

 I        |
    SC_3               0.840      0.019     43.815      0.000
    SC_5               0.840      0.019     43.815      0.000
    SC_7               0.840      0.019     43.815      0.000
    SC_11              0.840      0.019     43.815      0.000
    SC_14              0.840      0.019     43.815      0.000
    SC_17              0.840      0.019     43.815      0.000

 S        |
    SC_3               0.000      0.000    999.000    999.000
    SC_5               0.093      0.008     11.472      0.000
    SC_7               0.175      0.013     13.316      0.000
    SC_11              0.361      0.024     14.758      0.000
    SC_14              0.440      0.029     15.366      0.000
    SC_17              0.517      0.033     15.465      0.000

 S        WITH
    I                 -0.603      0.031    -19.675      0.000

 Means
    I                  0.222      0.109      2.040      0.041
    S                  1.550      0.244      6.364      0.000

 Intercepts
    SC_3               0.000      0.000    999.000    999.000
    SC_5               0.000      0.000    999.000    999.000
    SC_7               0.000      0.000    999.000    999.000
    SC_11              0.000      0.000    999.000    999.000
    SC_14              0.000      0.000    999.000    999.000
    SC_17              0.000      0.000    999.000    999.000

 Variances
    I                  1.000      0.000    999.000    999.000
    S                  1.000      0.000    999.000    999.000

 Residual Variances
    SC_3               0.167      0.005     33.997      0.000
    SC_5               0.048      0.002     20.575      0.000
    SC_7               0.071      0.002     34.922      0.000
    SC_11              0.046      0.002     27.601      0.000
    SC_14              0.047      0.002     23.620      0.000
    SC_17              0.062      0.003     21.953      0.000

Latent Class 2

 I        |
    SC_3               0.840      0.019     43.815      0.000
    SC_5               0.840      0.019     43.815      0.000
    SC_7               0.840      0.019     43.815      0.000
    SC_11              0.840      0.019     43.815      0.000
    SC_14              0.840      0.019     43.815      0.000
    SC_17              0.840      0.019     43.815      0.000

 S        |
    SC_3               0.000      0.000    999.000    999.000
    SC_5               0.093      0.008     11.472      0.000
    SC_7               0.175      0.013     13.316      0.000
    SC_11              0.361      0.024     14.758      0.000
    SC_14              0.440      0.029     15.366      0.000
    SC_17              0.517      0.033     15.465      0.000

 S        WITH
    I                 -0.603      0.031    -19.675      0.000

 Means
    I                 -1.172      0.237     -4.956      0.000
    S                 -1.697      0.260     -6.534      0.000

 Intercepts
    SC_3               0.000      0.000    999.000    999.000
    SC_5               0.000      0.000    999.000    999.000
    SC_7               0.000      0.000    999.000    999.000
    SC_11              0.000      0.000    999.000    999.000
    SC_14              0.000      0.000    999.000    999.000
    SC_17              0.000      0.000    999.000    999.000

 Variances
    I                  1.000      0.000    999.000    999.000
    S                  1.000      0.000    999.000    999.000

 Residual Variances
    SC_3               0.167      0.005     33.997      0.000
    SC_5               0.048      0.002     20.575      0.000
    SC_7               0.071      0.002     34.922      0.000
    SC_11              0.046      0.002     27.601      0.000
    SC_14              0.047      0.002     23.620      0.000
    SC_17              0.062      0.003     21.953      0.000

Latent Class 3

 I        |
    SC_3               0.840      0.019     43.815      0.000
    SC_5               0.840      0.019     43.815      0.000
    SC_7               0.840      0.019     43.815      0.000
    SC_11              0.840      0.019     43.815      0.000
    SC_14              0.840      0.019     43.815      0.000
    SC_17              0.840      0.019     43.815      0.000

 S        |
    SC_3               0.000      0.000    999.000    999.000
    SC_5               0.093      0.008     11.472      0.000
    SC_7               0.175      0.013     13.316      0.000
    SC_11              0.361      0.024     14.758      0.000
    SC_14              0.440      0.029     15.366      0.000
    SC_17              0.517      0.033     15.465      0.000

 S        WITH
    I                 -0.603      0.031    -19.675      0.000

 Means
    I                 -0.290      0.051     -5.664      0.000
    S                  0.188      0.039      4.824      0.000

 Intercepts
    SC_3               0.000      0.000    999.000    999.000
    SC_5               0.000      0.000    999.000    999.000
    SC_7               0.000      0.000    999.000    999.000
    SC_11              0.000      0.000    999.000    999.000
    SC_14              0.000      0.000    999.000    999.000
    SC_17              0.000      0.000    999.000    999.000

 Variances
    I                  1.000      0.000    999.000    999.000
    S                  1.000      0.000    999.000    999.000

 Residual Variances
    SC_3               0.167      0.005     33.997      0.000
    SC_5               0.048      0.002     20.575      0.000
    SC_7               0.071      0.002     34.922      0.000
    SC_11              0.046      0.002     27.601      0.000
    SC_14              0.047      0.002     23.620      0.000
    SC_17              0.062      0.003     21.953      0.000


R-SQUARE

Class 1

    Observed                                        Two-Tailed
    Variable        Estimate       S.E.  Est./S.E.    P-Value

    SC_3               0.809      0.008     99.734      0.000
    SC_5               0.928      0.005    192.949      0.000
    SC_7               0.887      0.007    120.510      0.000
    SC_11              0.911      0.007    133.040      0.000
    SC_14              0.906      0.008    117.176      0.000
    SC_17              0.879      0.010     90.153      0.000

Class 2

    Observed                                        Two-Tailed
    Variable        Estimate       S.E.  Est./S.E.    P-Value

    SC_3               0.809      0.008     99.734      0.000
    SC_5               0.928      0.005    192.949      0.000
    SC_7               0.887      0.007    120.510      0.000
    SC_11              0.911      0.007    133.040      0.000
    SC_14              0.906      0.008    117.176      0.000
    SC_17              0.879      0.010     90.153      0.000

Class 3

    Observed                                        Two-Tailed
    Variable        Estimate       S.E.  Est./S.E.    P-Value

    SC_3               0.809      0.008     99.734      0.000
    SC_5               0.928      0.005    192.949      0.000
    SC_7               0.887      0.007    120.510      0.000
    SC_11              0.911      0.007    133.040      0.000
    SC_14              0.906      0.008    117.176      0.000
    SC_17              0.879      0.010     90.153      0.000


TESTS OF CATEGORICAL LATENT VARIABLE MULTINOMIAL LOGISTIC REGRESSIONS USING
THE 3-STEP PROCEDURE

   WARNING:  LISTWISE DELETION IS APPLIED TO THE AUXILIARY VARIABLES IN THE
   ANALYSIS.  TO AVOID LISTWISE DELETION, DATA IMPUTATION CAN BE USED
   FOR THE AUXILIARY VARIABLES FOLLOWED BY ANALYSIS WITH TYPE=IMPUTATION.
   NUMBER OF DELETED OBSERVATIONS:  6928
   NUMBER OF OBSERVATIONS USED:  3663

                                                    Two-Tailed
                    Estimate       S.E.  Est./S.E.    P-Value

 C#1      ON
    SCOGA              0.382      0.116      3.305      0.001
    LBW                0.008      0.335      0.024      0.981
    INFTEMP            0.136      0.089      1.530      0.126
    HFAE             -25.298      0.000    999.000      0.000
    BMARRIED           0.200      0.167      1.195      0.232
    BRACE             -0.057      0.203     -0.283      0.777
    SEX                0.324      0.156      2.076      0.038
    BPEDU              0.669      0.160      4.178      0.000
    INCOMEF            0.132      0.076      1.752      0.080

 C#2      ON
    SCOGA              0.032      0.223      0.143      0.886
    LBW                0.277      0.509      0.544      0.587
    INFTEMP            0.151      0.144      1.042      0.297
    HFAE               0.776      0.731      1.062      0.288
    BMARRIED          -0.434      0.341     -1.275      0.202
    BRACE             -0.164      0.440     -0.373      0.709
    SEX               -1.435      0.334     -4.295      0.000
    BPEDU              0.316      0.326      0.967      0.334
    INCOMEF           -0.220      0.122     -1.807      0.071

 Intercepts
    C#1               -1.561      0.304     -5.138      0.000
    C#2               -1.419      0.342     -4.150      0.000

Parameterization using Reference Class 1

 C#2      ON
    SCOGA             -0.350      0.220     -1.594      0.111
    LBW                0.269      0.556      0.484      0.629
    INFTEMP            0.015      0.153      0.097      0.923
    HFAE              26.074      0.731     35.692      0.000
    BMARRIED          -0.634      0.341     -1.860      0.063
    BRACE             -0.107      0.410     -0.260      0.795
    SEX               -1.759      0.301     -5.845      0.000
    BPEDU             -0.353      0.318     -1.109      0.267
    INCOMEF           -0.352      0.112     -3.150      0.002

 C#3      ON
    SCOGA             -0.382      0.116     -3.305      0.001
    LBW               -0.008      0.335     -0.024      0.981
    INFTEMP           -0.136      0.089     -1.530      0.126
    HFAE              25.298      0.000  *********      0.000
    BMARRIED          -0.200      0.167     -1.195      0.232
    BRACE              0.057      0.203      0.283      0.777
    SEX               -0.324      0.156     -2.076      0.038
    BPEDU             -0.669      0.160     -4.178      0.000
    INCOMEF           -0.132      0.076     -1.752      0.080

 Intercepts
    C#2                0.142      0.341      0.417      0.677
    C#3                1.561      0.304      5.138      0.000

Parameterization using Reference Class 2

 C#1      ON
    SCOGA              0.350      0.220      1.594      0.111
    LBW               -0.269      0.556     -0.484      0.629
    INFTEMP           -0.015      0.153     -0.097      0.923
    HFAE             -26.074      0.731    -35.692      0.000
    BMARRIED           0.634      0.341      1.860      0.063
    BRACE              0.107      0.410      0.260      0.795
    SEX                1.759      0.301      5.845      0.000
    BPEDU              0.353      0.318      1.109      0.267
    INCOMEF            0.352      0.112      3.150      0.002

 C#3      ON
    SCOGA             -0.032      0.223     -0.143      0.886
    LBW               -0.277      0.509     -0.544      0.587
    INFTEMP           -0.151      0.144     -1.042      0.297
    HFAE              -0.776      0.731     -1.062      0.288
    BMARRIED           0.434      0.341      1.275      0.202
    BRACE              0.164      0.440      0.373      0.709
    SEX                1.435      0.334      4.295      0.000
    BPEDU             -0.316      0.326     -0.967      0.334
    INCOMEF            0.220      0.122      1.807      0.071

 Intercepts
    C#1               -0.142      0.341     -0.417      0.677
    C#3                1.419      0.342      4.150      0.000


ODDS RATIOS FOR TESTS OF CATEGORICAL LATENT VARIABLE MULTINOMIAL LOGISTIC REGRESSIONS
USING THE 3-STEP PROCEDURE

                                                95% C.I.
                    Estimate       S.E. Lower 2.5% Upper 2.5%

 C#1      ON
    SCOGA              1.465      0.169      1.168      1.838
    LBW                1.008      0.338      0.523      1.944
    INFTEMP            1.145      0.102      0.963      1.363
    HFAE               0.000      0.000      0.000      0.000
    BMARRIED           1.221      0.204      0.880      1.693
    BRACE              0.944      0.192      0.634      1.406
    SEX                1.382      0.216      1.018      1.877
    BPEDU              1.952      0.312      1.426      2.671
    INCOMEF            1.142      0.086      0.984      1.324

 C#2      ON
    SCOGA              1.032      0.230      0.667      1.598
    LBW                1.319      0.672      0.486      3.579
    INFTEMP            1.163      0.168      0.876      1.543
    HFAE               2.172      1.587      0.519      9.094
    BMARRIED           0.648      0.221      0.332      1.263
    BRACE              0.848      0.374      0.358      2.011
    SEX                0.238      0.080      0.124      0.458
    BPEDU              1.371      0.448      0.723      2.600
    INCOMEF            0.803      0.098      0.633      1.019


Parameterization using Reference Class 1

 C#2      ON
    SCOGA              0.705      0.155      0.458      1.084
    LBW                1.309      0.728      0.440      3.891
    INFTEMP            1.015      0.155      0.752      1.369
    HFAE             999.000    999.000    999.000    999.000
    BMARRIED           0.531      0.181      0.272      1.035
    BRACE              0.899      0.369      0.402      2.009
    SEX                0.172      0.052      0.095      0.311
    BPEDU              0.703      0.224      0.376      1.311
    INCOMEF            0.703      0.079      0.565      0.875

 C#3      ON
    SCOGA              0.682      0.079      0.544      0.856
    LBW                0.992      0.333      0.514      1.914
    INFTEMP            0.873      0.077      0.734      1.039
    HFAE             999.000    999.000    999.000    999.000
    BMARRIED           0.819      0.137      0.590      1.136
    BRACE              1.059      0.215      0.711      1.578
    SEX                0.723      0.113      0.533      0.982
    BPEDU              0.512      0.082      0.374      0.701
    INCOMEF            0.876      0.066      0.755      1.016

Parameterization using Reference Class 2

 C#1      ON
    SCOGA              1.419      0.312      0.923      2.183
    LBW                0.764      0.425      0.257      2.272
    INFTEMP            0.985      0.150      0.731      1.329
    HFAE               0.000      0.000      0.000      0.000
    BMARRIED           1.885      0.642      0.966      3.676
    BRACE              1.113      0.457      0.498      2.488
    SEX                5.807      1.748      3.220     10.475
    BPEDU              1.423      0.453      0.763      2.657
    INCOMEF            1.422      0.159      1.142      1.770

 C#3      ON
    SCOGA              0.969      0.216      0.626      1.499
    LBW                0.758      0.386      0.279      2.057
    INFTEMP            0.860      0.124      0.648      1.142
    HFAE               0.460      0.336      0.110      1.927
    BMARRIED           1.544      0.526      0.792      3.009
    BRACE              1.179      0.519      0.497      2.794
    SEX                4.201      1.404      2.182      8.088
    BPEDU              0.729      0.238      0.385      1.383
    INCOMEF            1.246      0.151      0.982      1.581


TECHNICAL 1 OUTPUT


     PARAMETER SPECIFICATION FOR LATENT CLASS 1


           NU
              SC_3          SC_5          SC_7          SC_11         SC_14
              ________      ________      ________      ________      ________
                    0             0             0             0             0


           NU
              SC_17
              ________
                    0


           LAMBDA
              I             S
              ________      ________
 SC_3               0             0
 SC_5               0             1
 SC_7               0             2
 SC_11              0             3
 SC_14              0             4
 SC_17              0             0


           THETA
              SC_3          SC_5          SC_7          SC_11         SC_14
              ________      ________      ________      ________      ________
 SC_3               5
 SC_5               0             6
 SC_7               0             0             7
 SC_11              0             0             0             8
 SC_14              0             0             0             0             9
 SC_17              0             0             0             0             0


           THETA
              SC_17
              ________
 SC_17             10


           ALPHA
              I             S
              ________      ________
                   11            12


           BETA
              I             S
              ________      ________
 I                  0             0
 S                  0             0


           PSI
              I             S
              ________      ________
 I                 13
 S                 14            15


     PARAMETER SPECIFICATION FOR LATENT CLASS 2


           NU
              SC_3          SC_5          SC_7          SC_11         SC_14
              ________      ________      ________      ________      ________
                    0             0             0             0             0


           NU
              SC_17
              ________
                    0


           LAMBDA
              I             S
              ________      ________
 SC_3               0             0
 SC_5               0             1
 SC_7               0             2
 SC_11              0             3
 SC_14              0             4
 SC_17              0             0


           THETA
              SC_3          SC_5          SC_7          SC_11         SC_14
              ________      ________      ________      ________      ________
 SC_3               5
 SC_5               0             6
 SC_7               0             0             7
 SC_11              0             0             0             8
 SC_14              0             0             0             0             9
 SC_17              0             0             0             0             0


           THETA
              SC_17
              ________
 SC_17             10


           ALPHA
              I             S
              ________      ________
                   16            17


           BETA
              I             S
              ________      ________
 I                  0             0
 S                  0             0


           PSI
              I             S
              ________      ________
 I                 13
 S                 14            15


     PARAMETER SPECIFICATION FOR LATENT CLASS 3


           NU
              SC_3          SC_5          SC_7          SC_11         SC_14
              ________      ________      ________      ________      ________
                    0             0             0             0             0


           NU
              SC_17
              ________
                    0


           LAMBDA
              I             S
              ________      ________
 SC_3               0             0
 SC_5               0             1
 SC_7               0             2
 SC_11              0             3
 SC_14              0             4
 SC_17              0             0


           THETA
              SC_3          SC_5          SC_7          SC_11         SC_14
              ________      ________      ________      ________      ________
 SC_3               5
 SC_5               0             6
 SC_7               0             0             7
 SC_11              0             0             0             8
 SC_14              0             0             0             0             9
 SC_17              0             0             0             0             0


           THETA
              SC_17
              ________
 SC_17             10


           ALPHA
              I             S
              ________      ________
                   18            19


           BETA
              I             S
              ________      ________
 I                  0             0
 S                  0             0


           PSI
              I             S
              ________      ________
 I                 13
 S                 14            15


     PARAMETER SPECIFICATION FOR LATENT CLASS REGRESSION MODEL PART


           ALPHA(C)
              C#1           C#2           C#3
              ________      ________      ________
                   20            21             0


     STARTING VALUES FOR LATENT CLASS 1


           NU
              SC_3          SC_5          SC_7          SC_11         SC_14
              ________      ________      ________      ________      ________
                0.000         0.000         0.000         0.000         0.000


           NU
              SC_17
              ________
                0.000


           LAMBDA
              I             S
              ________      ________
 SC_3           1.000         0.000
 SC_5           1.000         0.180
 SC_7           1.000         0.338
 SC_11          1.000         0.698
 SC_14          1.000         0.850
 SC_17          1.000         1.000


           THETA
              SC_3          SC_5          SC_7          SC_11         SC_14
              ________      ________      ________      ________      ________
 SC_3           0.167
 SC_5           0.000         0.048
 SC_7           0.000         0.000         0.071
 SC_11          0.000         0.000         0.000         0.046
 SC_14          0.000         0.000         0.000         0.000         0.047
 SC_17          0.000         0.000         0.000         0.000         0.000


           THETA
              SC_17
              ________
 SC_17          0.062


           ALPHA
              I             S
              ________      ________
                0.186         0.802


           BETA
              I             S
              ________      ________
 I              0.000         0.000
 S              0.000         0.000


           PSI
              I             S
              ________      ________
 I              0.706
 S             -0.262         0.268


     STARTING VALUES FOR LATENT CLASS 2


           NU
              SC_3          SC_5          SC_7          SC_11         SC_14
              ________      ________      ________      ________      ________
                0.000         0.000         0.000         0.000         0.000


           NU
              SC_17
              ________
                0.000


           LAMBDA
              I             S
              ________      ________
 SC_3           1.000         0.000
 SC_5           1.000         0.180
 SC_7           1.000         0.338
 SC_11          1.000         0.698
 SC_14          1.000         0.850
 SC_17          1.000         1.000


           THETA
              SC_3          SC_5          SC_7          SC_11         SC_14
              ________      ________      ________      ________      ________
 SC_3           0.167
 SC_5           0.000         0.048
 SC_7           0.000         0.000         0.071
 SC_11          0.000         0.000         0.000         0.046
 SC_14          0.000         0.000         0.000         0.000         0.047
 SC_17          0.000         0.000         0.000         0.000         0.000


           THETA
              SC_17
              ________
 SC_17          0.062


           ALPHA
              I             S
              ________      ________
               -0.985        -0.878


           BETA
              I             S
              ________      ________
 I              0.000         0.000
 S              0.000         0.000


           PSI
              I             S
              ________      ________
 I              0.706
 S             -0.262         0.268


     STARTING VALUES FOR LATENT CLASS 3


           NU
              SC_3          SC_5          SC_7          SC_11         SC_14
              ________      ________      ________      ________      ________
                0.000         0.000         0.000         0.000         0.000


           NU
              SC_17
              ________
                0.000


           LAMBDA
              I             S
              ________      ________
 SC_3           1.000         0.000
 SC_5           1.000         0.180
 SC_7           1.000         0.338
 SC_11          1.000         0.698
 SC_14          1.000         0.850
 SC_17          1.000         1.000


           THETA
              SC_3          SC_5          SC_7          SC_11         SC_14
              ________      ________      ________      ________      ________
 SC_3           0.167
 SC_5           0.000         0.048
 SC_7           0.000         0.000         0.071
 SC_11          0.000         0.000         0.000         0.046
 SC_14          0.000         0.000         0.000         0.000         0.047
 SC_17          0.000         0.000         0.000         0.000         0.000


           THETA
              SC_17
              ________
 SC_17          0.062


           ALPHA
              I             S
              ________      ________
               -0.243         0.097


           BETA
              I             S
              ________      ________
 I              0.000         0.000
 S              0.000         0.000


           PSI
              I             S
              ________      ________
 I              0.706
 S             -0.262         0.268


     STARTING VALUES FOR LATENT CLASS REGRESSION MODEL PART


           ALPHA(C)
              C#1           C#2           C#3
              ________      ________      ________
               -0.866        -2.446         0.000


TECHNICAL 4 OUTPUT


     ESTIMATES DERIVED FROM THE MODEL FOR CLASS 1


           ESTIMATED MEANS FOR THE LATENT VARIABLES
              I             S
              ________      ________
                0.186         0.802


           S.E. FOR ESTIMATED MEANS FOR THE LATENT VARIABLES
              I             S
              ________      ________
                0.088         0.077


           EST./S.E. FOR ESTIMATED MEANS FOR THE LATENT VARIABLES
              I             S
              ________      ________
                2.126        10.444


           TWO-TAILED P-VALUE FOR ESTIMATED MEANS FOR THE LATENT VARIABLES
              I             S
              ________      ________
                0.033         0.000


           ESTIMATED COVARIANCE MATRIX FOR THE LATENT VARIABLES
              I             S
              ________      ________
 I              0.706
 S             -0.262         0.268


           S.E. FOR ESTIMATED COVARIANCE MATRIX FOR THE LATENT VARIABLES
              I             S
              ________      ________
 I              0.032
 S              0.017         0.035


           EST./S.E. FOR ESTIMATED COVARIANCE MATRIX FOR THE LATENT VARIABLES
              I             S
              ________      ________
 I             21.907
 S            -15.520         7.733


           TWO-TAILED P-VALUE FOR ESTIMATED COVARIANCE MATRIX FOR THE LATENT VARIABLES
              I             S
              ________      ________
 I              0.000
 S              0.000         0.000


           ESTIMATED CORRELATION MATRIX FOR THE LATENT VARIABLES
              I             S
              ________      ________
 I              1.000
 S             -0.603         1.000


           S.E. FOR ESTIMATED CORRELATION MATRIX FOR THE LATENT VARIABLES
              I             S
              ________      ________
 I              0.000
 S              0.031         0.000


           EST./S.E. FOR ESTIMATED CORRELATION MATRIX FOR THE LATENT VARIABLES
              I             S
              ________      ________
 I            999.000
 S            -19.675       999.000


           TWO-TAILED P-VALUE FOR ESTIMATED CORRELATION MATRIX FOR THE LATENT VARIABLES
              I             S
              ________      ________
 I              0.000
 S              0.000         0.000


     ESTIMATES DERIVED FROM THE MODEL FOR CLASS 2


           ESTIMATED MEANS FOR THE LATENT VARIABLES
              I             S
              ________      ________
               -0.985        -0.878


           S.E. FOR ESTIMATED MEANS FOR THE LATENT VARIABLES
              I             S
              ________      ________
                0.184         0.099


           EST./S.E. FOR ESTIMATED MEANS FOR THE LATENT VARIABLES
              I             S
              ________      ________
               -5.353        -8.840


           TWO-TAILED P-VALUE FOR ESTIMATED MEANS FOR THE LATENT VARIABLES
              I             S
              ________      ________
                0.000         0.000


           ESTIMATED COVARIANCE MATRIX FOR THE LATENT VARIABLES
              I             S
              ________      ________
 I              0.706
 S             -0.262         0.268


           S.E. FOR ESTIMATED COVARIANCE MATRIX FOR THE LATENT VARIABLES
              I             S
              ________      ________
 I              0.032
 S              0.017         0.035


           EST./S.E. FOR ESTIMATED COVARIANCE MATRIX FOR THE LATENT VARIABLES
              I             S
              ________      ________
 I             21.907
 S            -15.520         7.733


           TWO-TAILED P-VALUE FOR ESTIMATED COVARIANCE MATRIX FOR THE LATENT VARIABLES
              I             S
              ________      ________
 I              0.000
 S              0.000         0.000


           ESTIMATED CORRELATION MATRIX FOR THE LATENT VARIABLES
              I             S
              ________      ________
 I              1.000
 S             -0.603         1.000


           S.E. FOR ESTIMATED CORRELATION MATRIX FOR THE LATENT VARIABLES
              I             S
              ________      ________
 I              0.000
 S              0.031         0.000


           EST./S.E. FOR ESTIMATED CORRELATION MATRIX FOR THE LATENT VARIABLES
              I             S
              ________      ________
 I            999.000
 S            -19.675       999.000


           TWO-TAILED P-VALUE FOR ESTIMATED CORRELATION MATRIX FOR THE LATENT VARIABLES
              I             S
              ________      ________
 I              0.000
 S              0.000         0.000


     ESTIMATES DERIVED FROM THE MODEL FOR CLASS 3


           ESTIMATED MEANS FOR THE LATENT VARIABLES
              I             S
              ________      ________
               -0.243         0.097


           S.E. FOR ESTIMATED MEANS FOR THE LATENT VARIABLES
              I             S
              ________      ________
                0.039         0.020


           EST./S.E. FOR ESTIMATED MEANS FOR THE LATENT VARIABLES
              I             S
              ________      ________
               -6.229         4.776


           TWO-TAILED P-VALUE FOR ESTIMATED MEANS FOR THE LATENT VARIABLES
              I             S
              ________      ________
                0.000         0.000


           ESTIMATED COVARIANCE MATRIX FOR THE LATENT VARIABLES
              I             S
              ________      ________
 I              0.706
 S             -0.262         0.268


           S.E. FOR ESTIMATED COVARIANCE MATRIX FOR THE LATENT VARIABLES
              I             S
              ________      ________
 I              0.032
 S              0.017         0.035


           EST./S.E. FOR ESTIMATED COVARIANCE MATRIX FOR THE LATENT VARIABLES
              I             S
              ________      ________
 I             21.907
 S            -15.520         7.733


           TWO-TAILED P-VALUE FOR ESTIMATED COVARIANCE MATRIX FOR THE LATENT VARIABLES
              I             S
              ________      ________
 I              0.000
 S              0.000         0.000


           ESTIMATED CORRELATION MATRIX FOR THE LATENT VARIABLES
              I             S
              ________      ________
 I              1.000
 S             -0.603         1.000


           S.E. FOR ESTIMATED CORRELATION MATRIX FOR THE LATENT VARIABLES
              I             S
              ________      ________
 I              0.000
 S              0.031         0.000


           EST./S.E. FOR ESTIMATED CORRELATION MATRIX FOR THE LATENT VARIABLES
              I             S
              ________      ________
 I            999.000
 S            -19.675       999.000


           TWO-TAILED P-VALUE FOR ESTIMATED CORRELATION MATRIX FOR THE LATENT VARIABLES
              I             S
              ________      ________
 I              0.000
 S              0.000         0.000


SAMPLE STATISTICS FOR ESTIMATED FACTOR SCORES


     SAMPLE STATISTICS


           Means
              I             S             C_I           C_S
              ________      ________      ________      ________
               -0.155         0.269        -0.153         0.264


           Covariances
              I             S             C_I           C_S
              ________      ________      ________      ________
 I              0.760
 S             -0.134         0.401
 C_I            0.760        -0.135         0.760
 C_S           -0.133         0.404        -0.136         0.409


           Correlations
              I             S             C_I           C_S
              ________      ________      ________      ________
 I              1.000
 S             -0.242         1.000
 C_I            1.000        -0.245         1.000
 C_S           -0.238         0.996        -0.243         1.000


PLOT INFORMATION

The following plots are available:

  Histograms (sample values, estimated factor scores, estimated values, residuals)
  Scatterplots (sample values, estimated factor scores, estimated values, residuals)
  Latent variable distribution plots
  Estimated overall and class-specific distributions

SAVEDATA INFORMATION


  Save file
    sc_sogmm_r3step.dat

  Order and format of variables

    SC_3           F10.3
    SC_5           F10.3
    SC_7           F10.3
    SC_11          F10.3
    SC_14          F10.3
    SC_17          F10.3
    SCOGA          F10.3
    LBW            F10.3
    INFTEMP        F10.3
    HFAE           F10.3
    BMARRIED       F10.3
    BRACE          F10.3
    SEX            F10.3
    BPEDU          F10.3
    INCOMEF        F10.3
    I              F10.3
    S              F10.3
    C_I            F10.3
    C_S            F10.3
    CPROB1         F10.3
    CPROB2         F10.3
    CPROB3         F10.3
    C              F10.3
    GOVWT1         F10.3
    MCSID          I6
    PTTYPE2        I4
    SPTN00         I4

  Save file format
    24F10.3 I6 2I4

  Save file record length    10000

  Save missing symbol        *


DIAGRAM INFORMATION

  Mplus diagrams are currently not available for Mixture analysis.
  No diagram output was produced.


     Beginning Time:  00:53:51
        Ending Time:  00:53:55
       Elapsed Time:  00:00:04



MUTHEN & MUTHEN
3463 Stoner Ave.
Los Angeles, CA  90066

Tel: (310) 391-9971
Fax: (310) 391-8971
Web: www.StatModel.com
Support: Support@StatModel.com

Copyright (c) 1998-2022 Muthen & Muthen
